{"C:\\Users\\jorda\\Documents\\Code\\Projects\\ROOTs\\Module 5\\todo-app-react-redux\\todo-app-react-redux\\src\\index.tsx": {"path":"C:\\Users\\jorda\\Documents\\Code\\Projects\\ROOTs\\Module 5\\todo-app-react-redux\\todo-app-react-redux\\src\\index.tsx","statementMap":{"0":{"start":{"line":6,"column":13},"end":{"line":8,"column":1}},"1":{"start":{"line":10,"column":0},"end":{"line":14,"column":2}}},"fnMap":{},"branchMap":{},"s":{"0":0,"1":0},"f":{},"b":{}}
,"C:\\Users\\jorda\\Documents\\Code\\Projects\\ROOTs\\Module 5\\todo-app-react-redux\\todo-app-react-redux\\src\\apiAxios\\todos.ts": {"path":"C:\\Users\\jorda\\Documents\\Code\\Projects\\ROOTs\\Module 5\\todo-app-react-redux\\todo-app-react-redux\\src\\apiAxios\\todos.ts","statementMap":{},"fnMap":{},"branchMap":{},"s":{},"f":{},"b":{},"_coverageSchema":"1a1c01bbd47fc00a2c39e90264f33305004495a9","hash":"6fec636a6c211cfdb93c5a6e47cea37de81355f9"}
,"C:\\Users\\jorda\\Documents\\Code\\Projects\\ROOTs\\Module 5\\todo-app-react-redux\\todo-app-react-redux\\src\\app\\store.ts": {"path":"C:\\Users\\jorda\\Documents\\Code\\Projects\\ROOTs\\Module 5\\todo-app-react-redux\\todo-app-react-redux\\src\\app\\store.ts","statementMap":{"0":{"start":{"line":6,"column":21},"end":{"line":12,"column":2}}},"fnMap":{},"branchMap":{},"s":{"0":1},"f":{},"b":{},"_coverageSchema":"1a1c01bbd47fc00a2c39e90264f33305004495a9","hash":"93890a2956549869ab4273db22eca42ef2df2d38"}
,"C:\\Users\\jorda\\Documents\\Code\\Projects\\ROOTs\\Module 5\\todo-app-react-redux\\todo-app-react-redux\\src\\components\\App.tsx": {"path":"C:\\Users\\jorda\\Documents\\Code\\Projects\\ROOTs\\Module 5\\todo-app-react-redux\\todo-app-react-redux\\src\\components\\App.tsx","statementMap":{"0":{"start":{"line":9,"column":12},"end":{"line":25,"column":1}},"1":{"start":{"line":10,"column":25},"end":{"line":10,"column":50}},"2":{"start":{"line":12,"column":20},"end":{"line":12,"column":62}},"3":{"start":{"line":14,"column":2},"end":{"line":24,"column":4}}},"fnMap":{"0":{"name":"(anonymous_0)","decl":{"start":{"line":9,"column":12},"end":{"line":9,"column":13}},"loc":{"start":{"line":9,"column":32},"end":{"line":25,"column":1}},"line":9}},"branchMap":{"0":{"loc":{"start":{"line":12,"column":20},"end":{"line":12,"column":62}},"type":"cond-expr","locations":[{"start":{"line":12,"column":33},"end":{"line":12,"column":57}},{"start":{"line":12,"column":60},"end":{"line":12,"column":62}}],"line":12}},"s":{"0":1,"1":76,"2":75,"3":75},"f":{"0":76},"b":{"0":[71,4]},"_coverageSchema":"1a1c01bbd47fc00a2c39e90264f33305004495a9","hash":"9a11d082f2f6fceb8bcec63ef6699837f057fada"}
,"C:\\Users\\jorda\\Documents\\Code\\Projects\\ROOTs\\Module 5\\todo-app-react-redux\\todo-app-react-redux\\src\\components\\arrows\\ArrowLeftArrow.tsx": {"path":"C:\\Users\\jorda\\Documents\\Code\\Projects\\ROOTs\\Module 5\\todo-app-react-redux\\todo-app-react-redux\\src\\components\\arrows\\ArrowLeftArrow.tsx","statementMap":{"0":{"start":{"line":15,"column":18},"end":{"line":43,"column":1}},"1":{"start":{"line":20,"column":71},"end":{"line":20,"column":76}},"2":{"start":{"line":22,"column":14},"end":{"line":26,"column":3}},"3":{"start":{"line":28,"column":2},"end":{"line":42,"column":4}},"4":{"start":{"line":30,"column":26},"end":{"line":30,"column":44}},"5":{"start":{"line":31,"column":26},"end":{"line":31,"column":45}},"6":{"start":{"line":32,"column":21},"end":{"line":32,"column":43}}},"fnMap":{"0":{"name":"(anonymous_0)","decl":{"start":{"line":15,"column":18},"end":{"line":15,"column":19}},"loc":{"start":{"line":19,"column":40},"end":{"line":43,"column":1}},"line":19},"1":{"name":"(anonymous_1)","decl":{"start":{"line":30,"column":20},"end":{"line":30,"column":21}},"loc":{"start":{"line":30,"column":26},"end":{"line":30,"column":44}},"line":30},"2":{"name":"(anonymous_2)","decl":{"start":{"line":31,"column":20},"end":{"line":31,"column":21}},"loc":{"start":{"line":31,"column":26},"end":{"line":31,"column":45}},"line":31},"3":{"name":"(anonymous_3)","decl":{"start":{"line":32,"column":15},"end":{"line":32,"column":16}},"loc":{"start":{"line":32,"column":21},"end":{"line":32,"column":43}},"line":32}},"branchMap":{"0":{"loc":{"start":{"line":25,"column":4},"end":{"line":25,"column":35}},"type":"cond-expr","locations":[{"start":{"line":25,"column":19},"end":{"line":25,"column":30}},{"start":{"line":25,"column":33},"end":{"line":25,"column":35}}],"line":25},"1":{"loc":{"start":{"line":38,"column":10},"end":{"line":38,"column":75}},"type":"cond-expr","locations":[{"start":{"line":38,"column":57},"end":{"line":38,"column":70}},{"start":{"line":38,"column":73},"end":{"line":38,"column":75}}],"line":38},"2":{"loc":{"start":{"line":38,"column":10},"end":{"line":38,"column":54}},"type":"binary-expr","locations":[{"start":{"line":38,"column":10},"end":{"line":38,"column":19}},{"start":{"line":38,"column":23},"end":{"line":38,"column":54}}],"line":38}},"s":{"0":1,"1":94,"2":94,"3":94,"4":2,"5":1,"6":1},"f":{"0":94,"1":2,"2":1,"3":1},"b":{"0":[21,73],"1":[3,91],"2":[94,3]},"_coverageSchema":"1a1c01bbd47fc00a2c39e90264f33305004495a9","hash":"32c8a2b665a88eedbdb6ebfa53e1528196337d2f"}
,"C:\\Users\\jorda\\Documents\\Code\\Projects\\ROOTs\\Module 5\\todo-app-react-redux\\todo-app-react-redux\\src\\components\\arrows\\ArrowRightArrow.tsx": {"path":"C:\\Users\\jorda\\Documents\\Code\\Projects\\ROOTs\\Module 5\\todo-app-react-redux\\todo-app-react-redux\\src\\components\\arrows\\ArrowRightArrow.tsx","statementMap":{"0":{"start":{"line":15,"column":19},"end":{"line":44,"column":1}},"1":{"start":{"line":21,"column":4},"end":{"line":21,"column":9}},"2":{"start":{"line":23,"column":14},"end":{"line":27,"column":3}},"3":{"start":{"line":29,"column":2},"end":{"line":43,"column":4}},"4":{"start":{"line":31,"column":26},"end":{"line":31,"column":45}},"5":{"start":{"line":32,"column":26},"end":{"line":32,"column":46}},"6":{"start":{"line":33,"column":21},"end":{"line":33,"column":44}}},"fnMap":{"0":{"name":"(anonymous_0)","decl":{"start":{"line":15,"column":19},"end":{"line":15,"column":20}},"loc":{"start":{"line":19,"column":41},"end":{"line":44,"column":1}},"line":19},"1":{"name":"(anonymous_1)","decl":{"start":{"line":31,"column":20},"end":{"line":31,"column":21}},"loc":{"start":{"line":31,"column":26},"end":{"line":31,"column":45}},"line":31},"2":{"name":"(anonymous_2)","decl":{"start":{"line":32,"column":20},"end":{"line":32,"column":21}},"loc":{"start":{"line":32,"column":26},"end":{"line":32,"column":46}},"line":32},"3":{"name":"(anonymous_3)","decl":{"start":{"line":33,"column":15},"end":{"line":33,"column":16}},"loc":{"start":{"line":33,"column":21},"end":{"line":33,"column":44}},"line":33}},"branchMap":{"0":{"loc":{"start":{"line":26,"column":4},"end":{"line":26,"column":35}},"type":"cond-expr","locations":[{"start":{"line":26,"column":19},"end":{"line":26,"column":30}},{"start":{"line":26,"column":33},"end":{"line":26,"column":35}}],"line":26},"1":{"loc":{"start":{"line":39,"column":10},"end":{"line":39,"column":77}},"type":"cond-expr","locations":[{"start":{"line":39,"column":59},"end":{"line":39,"column":72}},{"start":{"line":39,"column":75},"end":{"line":39,"column":77}}],"line":39},"2":{"loc":{"start":{"line":39,"column":10},"end":{"line":39,"column":56}},"type":"binary-expr","locations":[{"start":{"line":39,"column":10},"end":{"line":39,"column":20}},{"start":{"line":39,"column":24},"end":{"line":39,"column":56}}],"line":39}},"s":{"0":1,"1":94,"2":94,"3":94,"4":4,"5":3,"6":3},"f":{"0":94,"1":4,"2":3,"3":3},"b":{"0":[5,89],"1":[4,90],"2":[94,10]},"_coverageSchema":"1a1c01bbd47fc00a2c39e90264f33305004495a9","hash":"9b5ce163087e93fb61e780e865bbb8a8d6734fdb"}
,"C:\\Users\\jorda\\Documents\\Code\\Projects\\ROOTs\\Module 5\\todo-app-react-redux\\todo-app-react-redux\\src\\components\\header\\GoogleAuth.tsx": {"path":"C:\\Users\\jorda\\Documents\\Code\\Projects\\ROOTs\\Module 5\\todo-app-react-redux\\todo-app-react-redux\\src\\components\\header\\GoogleAuth.tsx","statementMap":{"0":{"start":{"line":24,"column":19},"end":{"line":148,"column":1}},"1":{"start":{"line":25,"column":19},"end":{"line":25,"column":50}},"2":{"start":{"line":28,"column":4},"end":{"line":28,"column":29}},"3":{"start":{"line":31,"column":4},"end":{"line":31,"column":30}},"4":{"start":{"line":34,"column":4},"end":{"line":34,"column":23}},"5":{"start":{"line":36,"column":17},"end":{"line":36,"column":29}},"6":{"start":{"line":38,"column":2},"end":{"line":59,"column":19}},"7":{"start":{"line":41,"column":38},"end":{"line":41,"column":39}},"8":{"start":{"line":44,"column":6},"end":{"line":44,"column":41}},"9":{"start":{"line":46,"column":4},"end":{"line":56,"column":5}},"10":{"start":{"line":47,"column":6},"end":{"line":47,"column":52}},"11":{"start":{"line":48,"column":6},"end":{"line":48,"column":33}},"12":{"start":{"line":49,"column":6},"end":{"line":49,"column":28}},"13":{"start":{"line":50,"column":6},"end":{"line":50,"column":53}},"14":{"start":{"line":52,"column":6},"end":{"line":55,"column":15}},"15":{"start":{"line":53,"column":8},"end":{"line":53,"column":37}},"16":{"start":{"line":54,"column":8},"end":{"line":54,"column":36}},"17":{"start":{"line":58,"column":4},"end":{"line":58,"column":34}},"18":{"start":{"line":58,"column":17},"end":{"line":58,"column":33}},"19":{"start":{"line":61,"column":2},"end":{"line":69,"column":32}},"20":{"start":{"line":64,"column":4},"end":{"line":68,"column":5}},"21":{"start":{"line":65,"column":6},"end":{"line":65,"column":45}},"22":{"start":{"line":67,"column":6},"end":{"line":67,"column":29}},"23":{"start":{"line":71,"column":2},"end":{"line":79,"column":21}},"24":{"start":{"line":76,"column":4},"end":{"line":76,"column":34}},"25":{"start":{"line":78,"column":4},"end":{"line":78,"column":34}},"26":{"start":{"line":78,"column":17},"end":{"line":78,"column":33}},"27":{"start":{"line":81,"column":2},"end":{"line":89,"column":22}},"28":{"start":{"line":86,"column":4},"end":{"line":86,"column":35}},"29":{"start":{"line":88,"column":4},"end":{"line":88,"column":34}},"30":{"start":{"line":88,"column":17},"end":{"line":88,"column":33}},"31":{"start":{"line":91,"column":28},"end":{"line":91,"column":71}},"32":{"start":{"line":93,"column":30},"end":{"line":106,"column":3}},"33":{"start":{"line":94,"column":4},"end":{"line":105,"column":10}},"34":{"start":{"line":108,"column":24},"end":{"line":118,"column":3}},"35":{"start":{"line":109,"column":4},"end":{"line":117,"column":10}},"36":{"start":{"line":120,"column":2},"end":{"line":147,"column":4}},"37":{"start":{"line":133,"column":35},"end":{"line":133,"column":67}}},"fnMap":{"0":{"name":"(anonymous_0)","decl":{"start":{"line":24,"column":19},"end":{"line":24,"column":20}},"loc":{"start":{"line":24,"column":25},"end":{"line":148,"column":1}},"line":24},"1":{"name":"(anonymous_1)","decl":{"start":{"line":38,"column":12},"end":{"line":38,"column":13}},"loc":{"start":{"line":38,"column":18},"end":{"line":59,"column":3}},"line":38},"2":{"name":"(anonymous_2)","decl":{"start":{"line":52,"column":22},"end":{"line":52,"column":23}},"loc":{"start":{"line":52,"column":28},"end":{"line":55,"column":7}},"line":52},"3":{"name":"(anonymous_3)","decl":{"start":{"line":58,"column":11},"end":{"line":58,"column":12}},"loc":{"start":{"line":58,"column":17},"end":{"line":58,"column":33}},"line":58},"4":{"name":"(anonymous_4)","decl":{"start":{"line":61,"column":12},"end":{"line":61,"column":13}},"loc":{"start":{"line":61,"column":18},"end":{"line":69,"column":3}},"line":61},"5":{"name":"(anonymous_5)","decl":{"start":{"line":71,"column":12},"end":{"line":71,"column":13}},"loc":{"start":{"line":71,"column":18},"end":{"line":79,"column":3}},"line":71},"6":{"name":"(anonymous_6)","decl":{"start":{"line":78,"column":11},"end":{"line":78,"column":12}},"loc":{"start":{"line":78,"column":17},"end":{"line":78,"column":33}},"line":78},"7":{"name":"(anonymous_7)","decl":{"start":{"line":81,"column":12},"end":{"line":81,"column":13}},"loc":{"start":{"line":81,"column":18},"end":{"line":89,"column":3}},"line":81},"8":{"name":"(anonymous_8)","decl":{"start":{"line":88,"column":11},"end":{"line":88,"column":12}},"loc":{"start":{"line":88,"column":17},"end":{"line":88,"column":33}},"line":88},"9":{"name":"(anonymous_9)","decl":{"start":{"line":93,"column":30},"end":{"line":93,"column":31}},"loc":{"start":{"line":94,"column":4},"end":{"line":105,"column":10}},"line":94},"10":{"name":"(anonymous_10)","decl":{"start":{"line":108,"column":24},"end":{"line":108,"column":25}},"loc":{"start":{"line":109,"column":4},"end":{"line":117,"column":10}},"line":109},"11":{"name":"(anonymous_11)","decl":{"start":{"line":133,"column":21},"end":{"line":133,"column":22}},"loc":{"start":{"line":133,"column":35},"end":{"line":133,"column":67}},"line":133}},"branchMap":{"0":{"loc":{"start":{"line":46,"column":4},"end":{"line":56,"column":5}},"type":"if","locations":[{"start":{"line":46,"column":4},"end":{"line":56,"column":5}},{"start":{},"end":{}}],"line":46},"1":{"loc":{"start":{"line":64,"column":4},"end":{"line":68,"column":5}},"type":"if","locations":[{"start":{"line":64,"column":4},"end":{"line":68,"column":5}},{"start":{"line":66,"column":11},"end":{"line":68,"column":5}}],"line":64},"2":{"loc":{"start":{"line":64,"column":8},"end":{"line":64,"column":33}},"type":"binary-expr","locations":[{"start":{"line":64,"column":8},"end":{"line":64,"column":18}},{"start":{"line":64,"column":22},"end":{"line":64,"column":33}}],"line":64},"3":{"loc":{"start":{"line":110,"column":7},"end":{"line":115,"column":7}},"type":"binary-expr","locations":[{"start":{"line":110,"column":7},"end":{"line":110,"column":23}},{"start":{"line":111,"column":8},"end":{"line":114,"column":15}}],"line":110},"4":{"loc":{"start":{"line":123,"column":8},"end":{"line":123,"column":37}},"type":"cond-expr","locations":[{"start":{"line":123,"column":21},"end":{"line":123,"column":28}},{"start":{"line":123,"column":31},"end":{"line":123,"column":37}}],"line":123},"5":{"loc":{"start":{"line":129,"column":10},"end":{"line":129,"column":42}},"type":"cond-expr","locations":[{"start":{"line":129,"column":23},"end":{"line":129,"column":31}},{"start":{"line":129,"column":34},"end":{"line":129,"column":42}}],"line":129},"6":{"loc":{"start":{"line":143,"column":9},"end":{"line":143,"column":39}},"type":"binary-expr","locations":[{"start":{"line":143,"column":9},"end":{"line":143,"column":20}},{"start":{"line":143,"column":24},"end":{"line":143,"column":39}}],"line":143},"7":{"loc":{"start":{"line":144,"column":9},"end":{"line":144,"column":44}},"type":"binary-expr","locations":[{"start":{"line":144,"column":9},"end":{"line":144,"column":19}},{"start":{"line":144,"column":23},"end":{"line":144,"column":44}}],"line":144}},"s":{"0":1,"1":119,"2":119,"3":119,"4":119,"5":119,"6":119,"7":14,"8":14,"9":14,"10":13,"11":13,"12":13,"13":13,"14":13,"15":9,"16":9,"17":14,"18":14,"19":119,"20":34,"21":31,"22":3,"23":119,"24":14,"25":14,"26":14,"27":119,"28":13,"29":13,"30":13,"31":119,"32":119,"33":116,"34":119,"35":116,"36":119,"37":0},"f":{"0":119,"1":14,"2":9,"3":14,"4":34,"5":14,"6":14,"7":13,"8":13,"9":116,"10":116,"11":0},"b":{"0":[13,1],"1":[31,3],"2":[34,31],"3":[116,0],"4":[116,3],"5":[116,3],"6":[119,116],"7":[119,116]},"_coverageSchema":"1a1c01bbd47fc00a2c39e90264f33305004495a9","hash":"937e1a5ffed56b5db7addc3cf255f5f8075c9af7"}
,"C:\\Users\\jorda\\Documents\\Code\\Projects\\ROOTs\\Module 5\\todo-app-react-redux\\todo-app-react-redux\\src\\components\\header\\Header.tsx": {"path":"C:\\Users\\jorda\\Documents\\Code\\Projects\\ROOTs\\Module 5\\todo-app-react-redux\\todo-app-react-redux\\src\\components\\header\\Header.tsx","statementMap":{"0":{"start":{"line":8,"column":15},"end":{"line":42,"column":1}},"1":{"start":{"line":9,"column":29},"end":{"line":9,"column":55}},"2":{"start":{"line":10,"column":33},"end":{"line":10,"column":49}},"3":{"start":{"line":12,"column":2},"end":{"line":16,"column":9}},"4":{"start":{"line":13,"column":15},"end":{"line":13,"column":35}},"5":{"start":{"line":15,"column":4},"end":{"line":15,"column":34}},"6":{"start":{"line":15,"column":17},"end":{"line":15,"column":33}},"7":{"start":{"line":18,"column":2},"end":{"line":41,"column":4}}},"fnMap":{"0":{"name":"(anonymous_0)","decl":{"start":{"line":8,"column":15},"end":{"line":8,"column":16}},"loc":{"start":{"line":8,"column":21},"end":{"line":42,"column":1}},"line":8},"1":{"name":"(anonymous_1)","decl":{"start":{"line":12,"column":12},"end":{"line":12,"column":13}},"loc":{"start":{"line":12,"column":18},"end":{"line":16,"column":3}},"line":12},"2":{"name":"(anonymous_2)","decl":{"start":{"line":15,"column":11},"end":{"line":15,"column":12}},"loc":{"start":{"line":15,"column":17},"end":{"line":15,"column":33}},"line":15}},"branchMap":{},"s":{"0":1,"1":130,"2":130,"3":130,"4":11,"5":11,"6":11,"7":130},"f":{"0":130,"1":11,"2":11},"b":{},"_coverageSchema":"1a1c01bbd47fc00a2c39e90264f33305004495a9","hash":"48242e0613de5231447223f1ca060254103e15e6"}
,"C:\\Users\\jorda\\Documents\\Code\\Projects\\ROOTs\\Module 5\\todo-app-react-redux\\todo-app-react-redux\\src\\components\\todos\\TodoInputs.tsx": {"path":"C:\\Users\\jorda\\Documents\\Code\\Projects\\ROOTs\\Module 5\\todo-app-react-redux\\todo-app-react-redux\\src\\components\\todos\\TodoInputs.tsx","statementMap":{"0":{"start":{"line":9,"column":19},"end":{"line":61,"column":1}},"1":{"start":{"line":10,"column":39},"end":{"line":10,"column":64}},"2":{"start":{"line":11,"column":19},"end":{"line":11,"column":45}},"3":{"start":{"line":12,"column":28},"end":{"line":12,"column":48}},"4":{"start":{"line":14,"column":19},"end":{"line":14,"column":50}},"5":{"start":{"line":16,"column":23},"end":{"line":22,"column":3}},"6":{"start":{"line":19,"column":4},"end":{"line":19,"column":23}},"7":{"start":{"line":20,"column":4},"end":{"line":20,"column":33}},"8":{"start":{"line":21,"column":4},"end":{"line":21,"column":17}},"9":{"start":{"line":24,"column":19},"end":{"line":32,"column":3}},"10":{"start":{"line":27,"column":4},"end":{"line":31,"column":5}},"11":{"start":{"line":28,"column":6},"end":{"line":28,"column":18}},"12":{"start":{"line":30,"column":6},"end":{"line":30,"column":19}},"13":{"start":{"line":34,"column":2},"end":{"line":60,"column":4}},"14":{"start":{"line":47,"column":38},"end":{"line":47,"column":60}}},"fnMap":{"0":{"name":"(anonymous_0)","decl":{"start":{"line":9,"column":19},"end":{"line":9,"column":20}},"loc":{"start":{"line":9,"column":39},"end":{"line":61,"column":1}},"line":9},"1":{"name":"(anonymous_1)","decl":{"start":{"line":16,"column":23},"end":{"line":16,"column":24}},"loc":{"start":{"line":16,"column":64},"end":{"line":22,"column":3}},"line":16},"2":{"name":"(anonymous_2)","decl":{"start":{"line":24,"column":19},"end":{"line":24,"column":20}},"loc":{"start":{"line":24,"column":34},"end":{"line":32,"column":3}},"line":24},"3":{"name":"(anonymous_3)","decl":{"start":{"line":47,"column":22},"end":{"line":47,"column":23}},"loc":{"start":{"line":47,"column":38},"end":{"line":47,"column":60}},"line":47}},"branchMap":{"0":{"loc":{"start":{"line":27,"column":4},"end":{"line":31,"column":5}},"type":"if","locations":[{"start":{"line":27,"column":4},"end":{"line":31,"column":5}},{"start":{"line":29,"column":11},"end":{"line":31,"column":5}}],"line":27},"1":{"loc":{"start":{"line":27,"column":8},"end":{"line":27,"column":36}},"type":"binary-expr","locations":[{"start":{"line":27,"column":8},"end":{"line":27,"column":19}},{"start":{"line":27,"column":23},"end":{"line":27,"column":36}}],"line":27}},"s":{"0":1,"1":191,"2":191,"3":191,"4":191,"5":191,"6":4,"7":4,"8":4,"9":191,"10":382,"11":18,"12":364,"13":191,"14":32},"f":{"0":191,"1":4,"2":382,"3":32},"b":{"0":[18,364],"1":[382,374]},"_coverageSchema":"1a1c01bbd47fc00a2c39e90264f33305004495a9","hash":"9066b7616b5d7d5e6f4db9017691d27aeeaf30d4"}
,"C:\\Users\\jorda\\Documents\\Code\\Projects\\ROOTs\\Module 5\\todo-app-react-redux\\todo-app-react-redux\\src\\components\\todos\\TodoItem.tsx": {"path":"C:\\Users\\jorda\\Documents\\Code\\Projects\\ROOTs\\Module 5\\todo-app-react-redux\\todo-app-react-redux\\src\\components\\todos\\TodoItem.tsx","statementMap":{"0":{"start":{"line":19,"column":40},"end":{"line":48,"column":1}},"1":{"start":{"line":26,"column":2},"end":{"line":47,"column":4}},"2":{"start":{"line":38,"column":25},"end":{"line":38,"column":46}},"3":{"start":{"line":43,"column":25},"end":{"line":43,"column":45}}},"fnMap":{"0":{"name":"(anonymous_0)","decl":{"start":{"line":19,"column":40},"end":{"line":19,"column":41}},"loc":{"start":{"line":25,"column":6},"end":{"line":48,"column":1}},"line":25},"1":{"name":"(anonymous_1)","decl":{"start":{"line":38,"column":19},"end":{"line":38,"column":20}},"loc":{"start":{"line":38,"column":25},"end":{"line":38,"column":46}},"line":38},"2":{"name":"(anonymous_2)","decl":{"start":{"line":43,"column":19},"end":{"line":43,"column":20}},"loc":{"start":{"line":43,"column":25},"end":{"line":43,"column":45}},"line":43}},"branchMap":{"0":{"loc":{"start":{"line":29,"column":8},"end":{"line":29,"column":62}},"type":"cond-expr","locations":[{"start":{"line":29,"column":34},"end":{"line":29,"column":57}},{"start":{"line":29,"column":60},"end":{"line":29,"column":62}}],"line":29}},"s":{"0":1,"1":228,"2":1,"3":3},"f":{"0":228,"1":1,"2":3},"b":{"0":[40,188]},"_coverageSchema":"1a1c01bbd47fc00a2c39e90264f33305004495a9","hash":"a742c031a54741ecc4f21aef514d0df47578b5ab"}
,"C:\\Users\\jorda\\Documents\\Code\\Projects\\ROOTs\\Module 5\\todo-app-react-redux\\todo-app-react-redux\\src\\components\\todos\\TodoList.tsx": {"path":"C:\\Users\\jorda\\Documents\\Code\\Projects\\ROOTs\\Module 5\\todo-app-react-redux\\todo-app-react-redux\\src\\components\\todos\\TodoList.tsx","statementMap":{"0":{"start":{"line":30,"column":17},"end":{"line":201,"column":1}},"1":{"start":{"line":31,"column":19},"end":{"line":31,"column":50}},"2":{"start":{"line":32,"column":47},"end":{"line":32,"column":72}},"3":{"start":{"line":40,"column":6},"end":{"line":40,"column":32}},"4":{"start":{"line":52,"column":6},"end":{"line":52,"column":20}},"5":{"start":{"line":54,"column":40},"end":{"line":54,"column":67}},"6":{"start":{"line":55,"column":30},"end":{"line":55,"column":59}},"7":{"start":{"line":56,"column":28},"end":{"line":56,"column":43}},"8":{"start":{"line":58,"column":2},"end":{"line":71,"column":51}},"9":{"start":{"line":62,"column":4},"end":{"line":64,"column":5}},"10":{"start":{"line":63,"column":6},"end":{"line":63,"column":45}},"11":{"start":{"line":68,"column":4},"end":{"line":68,"column":30}},"12":{"start":{"line":70,"column":4},"end":{"line":70,"column":34}},"13":{"start":{"line":70,"column":17},"end":{"line":70,"column":33}},"14":{"start":{"line":73,"column":2},"end":{"line":80,"column":28}},"15":{"start":{"line":76,"column":4},"end":{"line":79,"column":5}},"16":{"start":{"line":77,"column":25},"end":{"line":77,"column":48}},"17":{"start":{"line":78,"column":6},"end":{"line":78,"column":37}},"18":{"start":{"line":82,"column":55},"end":{"line":85,"column":3}},"19":{"start":{"line":83,"column":4},"end":{"line":83,"column":51}},"20":{"start":{"line":84,"column":4},"end":{"line":84,"column":18}},"21":{"start":{"line":87,"column":54},"end":{"line":116,"column":3}},"22":{"start":{"line":91,"column":20},"end":{"line":92,"column":65}},"23":{"start":{"line":92,"column":6},"end":{"line":92,"column":65}},"24":{"start":{"line":92,"column":31},"end":{"line":92,"column":64}},"25":{"start":{"line":94,"column":4},"end":{"line":115,"column":5}},"26":{"start":{"line":95,"column":6},"end":{"line":95,"column":71}},"27":{"start":{"line":97,"column":6},"end":{"line":102,"column":14}},"28":{"start":{"line":98,"column":8},"end":{"line":98,"column":24}},"29":{"start":{"line":99,"column":8},"end":{"line":99,"column":69}},"30":{"start":{"line":100,"column":8},"end":{"line":100,"column":25}},"31":{"start":{"line":101,"column":8},"end":{"line":101,"column":36}},"32":{"start":{"line":103,"column":11},"end":{"line":115,"column":5}},"33":{"start":{"line":104,"column":6},"end":{"line":104,"column":24}},"34":{"start":{"line":105,"column":6},"end":{"line":105,"column":21}},"35":{"start":{"line":106,"column":6},"end":{"line":106,"column":71}},"36":{"start":{"line":107,"column":6},"end":{"line":107,"column":57}},"37":{"start":{"line":109,"column":6},"end":{"line":114,"column":15}},"38":{"start":{"line":110,"column":8},"end":{"line":110,"column":24}},"39":{"start":{"line":111,"column":8},"end":{"line":111,"column":24}},"40":{"start":{"line":112,"column":8},"end":{"line":112,"column":69}},"41":{"start":{"line":113,"column":8},"end":{"line":113,"column":39}},"42":{"start":{"line":120,"column":49},"end":{"line":134,"column":3}},"43":{"start":{"line":122,"column":6},"end":{"line":124,"column":7}},"44":{"start":{"line":123,"column":8},"end":{"line":123,"column":33}},"45":{"start":{"line":125,"column":6},"end":{"line":127,"column":7}},"46":{"start":{"line":126,"column":8},"end":{"line":126,"column":20}},"47":{"start":{"line":128,"column":6},"end":{"line":130,"column":7}},"48":{"start":{"line":129,"column":8},"end":{"line":129,"column":29}},"49":{"start":{"line":131,"column":6},"end":{"line":131,"column":16}},"50":{"start":{"line":138,"column":2},"end":{"line":200,"column":3}},"51":{"start":{"line":139,"column":4},"end":{"line":147,"column":6}},"52":{"start":{"line":148,"column":9},"end":{"line":200,"column":3}},"53":{"start":{"line":151,"column":4},"end":{"line":180,"column":6}},"54":{"start":{"line":162,"column":12},"end":{"line":171,"column":14}},"55":{"start":{"line":181,"column":9},"end":{"line":200,"column":3}},"56":{"start":{"line":184,"column":4},"end":{"line":193,"column":6}},"57":{"start":{"line":194,"column":9},"end":{"line":200,"column":3}},"58":{"start":{"line":197,"column":4},"end":{"line":197,"column":57}},"59":{"start":{"line":199,"column":4},"end":{"line":199,"column":57}}},"fnMap":{"0":{"name":"(anonymous_0)","decl":{"start":{"line":30,"column":17},"end":{"line":30,"column":18}},"loc":{"start":{"line":30,"column":37},"end":{"line":201,"column":1}},"line":30},"1":{"name":"(anonymous_1)","decl":{"start":{"line":58,"column":12},"end":{"line":58,"column":13}},"loc":{"start":{"line":58,"column":18},"end":{"line":71,"column":3}},"line":58},"2":{"name":"(anonymous_2)","decl":{"start":{"line":70,"column":11},"end":{"line":70,"column":12}},"loc":{"start":{"line":70,"column":17},"end":{"line":70,"column":33}},"line":70},"3":{"name":"(anonymous_3)","decl":{"start":{"line":73,"column":12},"end":{"line":73,"column":13}},"loc":{"start":{"line":73,"column":18},"end":{"line":80,"column":3}},"line":73},"4":{"name":"(anonymous_4)","decl":{"start":{"line":82,"column":55},"end":{"line":82,"column":56}},"loc":{"start":{"line":82,"column":63},"end":{"line":85,"column":3}},"line":82},"5":{"name":"(anonymous_5)","decl":{"start":{"line":87,"column":54},"end":{"line":87,"column":55}},"loc":{"start":{"line":87,"column":62},"end":{"line":116,"column":3}},"line":87},"6":{"name":"(anonymous_6)","decl":{"start":{"line":91,"column":20},"end":{"line":91,"column":21}},"loc":{"start":{"line":92,"column":6},"end":{"line":92,"column":65}},"line":92},"7":{"name":"(anonymous_7)","decl":{"start":{"line":92,"column":18},"end":{"line":92,"column":19}},"loc":{"start":{"line":92,"column":31},"end":{"line":92,"column":64}},"line":92},"8":{"name":"(anonymous_8)","decl":{"start":{"line":97,"column":17},"end":{"line":97,"column":18}},"loc":{"start":{"line":97,"column":29},"end":{"line":102,"column":7}},"line":97},"9":{"name":"(anonymous_9)","decl":{"start":{"line":109,"column":17},"end":{"line":109,"column":18}},"loc":{"start":{"line":109,"column":29},"end":{"line":114,"column":7}},"line":109},"10":{"name":"(anonymous_10)","decl":{"start":{"line":121,"column":4},"end":{"line":121,"column":5}},"loc":{"start":{"line":121,"column":28},"end":{"line":132,"column":5}},"line":121},"11":{"name":"(anonymous_11)","decl":{"start":{"line":161,"column":22},"end":{"line":161,"column":23}},"loc":{"start":{"line":161,"column":40},"end":{"line":172,"column":11}},"line":161}},"branchMap":{"0":{"loc":{"start":{"line":62,"column":4},"end":{"line":64,"column":5}},"type":"if","locations":[{"start":{"line":62,"column":4},"end":{"line":64,"column":5}},{"start":{},"end":{}}],"line":62},"1":{"loc":{"start":{"line":62,"column":8},"end":{"line":62,"column":40}},"type":"binary-expr","locations":[{"start":{"line":62,"column":8},"end":{"line":62,"column":18}},{"start":{"line":62,"column":22},"end":{"line":62,"column":30}},{"start":{"line":62,"column":34},"end":{"line":62,"column":40}}],"line":62},"2":{"loc":{"start":{"line":76,"column":4},"end":{"line":79,"column":5}},"type":"if","locations":[{"start":{"line":76,"column":4},"end":{"line":79,"column":5}},{"start":{},"end":{}}],"line":76},"3":{"loc":{"start":{"line":76,"column":8},"end":{"line":76,"column":29}},"type":"binary-expr","locations":[{"start":{"line":76,"column":8},"end":{"line":76,"column":19}},{"start":{"line":76,"column":23},"end":{"line":76,"column":29}}],"line":76},"4":{"loc":{"start":{"line":94,"column":4},"end":{"line":115,"column":5}},"type":"if","locations":[{"start":{"line":94,"column":4},"end":{"line":115,"column":5}},{"start":{"line":103,"column":11},"end":{"line":115,"column":5}}],"line":94},"5":{"loc":{"start":{"line":94,"column":8},"end":{"line":94,"column":41}},"type":"binary-expr","locations":[{"start":{"line":94,"column":8},"end":{"line":94,"column":17}},{"start":{"line":94,"column":21},"end":{"line":94,"column":41}}],"line":94},"6":{"loc":{"start":{"line":103,"column":11},"end":{"line":115,"column":5}},"type":"if","locations":[{"start":{"line":103,"column":11},"end":{"line":115,"column":5}},{"start":{},"end":{}}],"line":103},"7":{"loc":{"start":{"line":103,"column":15},"end":{"line":103,"column":50}},"type":"binary-expr","locations":[{"start":{"line":103,"column":15},"end":{"line":103,"column":24}},{"start":{"line":103,"column":28},"end":{"line":103,"column":50}}],"line":103},"8":{"loc":{"start":{"line":122,"column":6},"end":{"line":124,"column":7}},"type":"if","locations":[{"start":{"line":122,"column":6},"end":{"line":124,"column":7}},{"start":{},"end":{}}],"line":122},"9":{"loc":{"start":{"line":122,"column":10},"end":{"line":122,"column":53}},"type":"binary-expr","locations":[{"start":{"line":122,"column":10},"end":{"line":122,"column":15}},{"start":{"line":122,"column":19},"end":{"line":122,"column":25}},{"start":{"line":122,"column":29},"end":{"line":122,"column":53}}],"line":122},"10":{"loc":{"start":{"line":125,"column":6},"end":{"line":127,"column":7}},"type":"if","locations":[{"start":{"line":125,"column":6},"end":{"line":127,"column":7}},{"start":{},"end":{}}],"line":125},"11":{"loc":{"start":{"line":125,"column":10},"end":{"line":125,"column":26}},"type":"binary-expr","locations":[{"start":{"line":125,"column":10},"end":{"line":125,"column":16}},{"start":{"line":125,"column":20},"end":{"line":125,"column":26}}],"line":125},"12":{"loc":{"start":{"line":128,"column":6},"end":{"line":130,"column":7}},"type":"if","locations":[{"start":{"line":128,"column":6},"end":{"line":130,"column":7}},{"start":{},"end":{}}],"line":128},"13":{"loc":{"start":{"line":128,"column":10},"end":{"line":128,"column":43}},"type":"binary-expr","locations":[{"start":{"line":128,"column":10},"end":{"line":128,"column":15}},{"start":{"line":128,"column":19},"end":{"line":128,"column":43}}],"line":128},"14":{"loc":{"start":{"line":138,"column":2},"end":{"line":200,"column":3}},"type":"if","locations":[{"start":{"line":138,"column":2},"end":{"line":200,"column":3}},{"start":{"line":148,"column":9},"end":{"line":200,"column":3}}],"line":138},"15":{"loc":{"start":{"line":148,"column":9},"end":{"line":200,"column":3}},"type":"if","locations":[{"start":{"line":148,"column":9},"end":{"line":200,"column":3}},{"start":{"line":181,"column":9},"end":{"line":200,"column":3}}],"line":148},"16":{"loc":{"start":{"line":148,"column":13},"end":{"line":148,"column":56}},"type":"binary-expr","locations":[{"start":{"line":148,"column":13},"end":{"line":148,"column":23}},{"start":{"line":148,"column":27},"end":{"line":148,"column":44}},{"start":{"line":148,"column":48},"end":{"line":148,"column":56}}],"line":148},"17":{"loc":{"start":{"line":181,"column":9},"end":{"line":200,"column":3}},"type":"if","locations":[{"start":{"line":181,"column":9},"end":{"line":200,"column":3}},{"start":{"line":194,"column":9},"end":{"line":200,"column":3}}],"line":181},"18":{"loc":{"start":{"line":181,"column":13},"end":{"line":181,"column":57}},"type":"binary-expr","locations":[{"start":{"line":181,"column":13},"end":{"line":181,"column":23}},{"start":{"line":181,"column":27},"end":{"line":181,"column":45}},{"start":{"line":181,"column":49},"end":{"line":181,"column":57}}],"line":181},"19":{"loc":{"start":{"line":194,"column":9},"end":{"line":200,"column":3}},"type":"if","locations":[{"start":{"line":194,"column":9},"end":{"line":200,"column":3}},{"start":{"line":198,"column":9},"end":{"line":200,"column":3}}],"line":194},"20":{"loc":{"start":{"line":194,"column":13},"end":{"line":194,"column":49}},"type":"binary-expr","locations":[{"start":{"line":194,"column":13},"end":{"line":194,"column":23}},{"start":{"line":194,"column":27},"end":{"line":194,"column":34}},{"start":{"line":194,"column":38},"end":{"line":194,"column":49}}],"line":194}},"s":{"0":1,"1":284,"2":283,"3":283,"4":283,"5":283,"6":283,"7":283,"8":283,"9":63,"10":36,"11":63,"12":63,"13":63,"14":283,"15":12,"16":1,"17":1,"18":283,"19":1,"20":1,"21":283,"22":3,"23":3,"24":3,"25":3,"26":2,"27":2,"28":2,"29":2,"30":2,"31":2,"32":1,"33":1,"34":1,"35":1,"36":1,"37":1,"38":1,"39":1,"40":1,"41":1,"42":283,"43":188,"44":3,"45":185,"46":170,"47":15,"48":4,"49":11,"50":283,"51":5,"52":278,"53":127,"54":305,"55":151,"56":6,"57":145,"58":144,"59":1},"f":{"0":284,"1":63,"2":63,"3":12,"4":1,"5":3,"6":3,"7":3,"8":2,"9":1,"10":188,"11":305},"b":{"0":[36,27],"1":[63,61,38],"2":[1,11],"3":[12,1],"4":[2,1],"5":[3,3],"6":[1,0],"7":[1,1],"8":[3,185],"9":[188,13,7],"10":[170,15],"11":[185,175],"12":[4,11],"13":[15,11],"14":[5,278],"15":[127,151],"16":[278,278,263],"17":[6,145],"18":[151,151,15],"19":[144,1],"20":[145,145,145]},"_coverageSchema":"1a1c01bbd47fc00a2c39e90264f33305004495a9","hash":"48aa274c2aae440dba26f4b16e0ef7d2d13b2ee3"}
,"C:\\Users\\jorda\\Documents\\Code\\Projects\\ROOTs\\Module 5\\todo-app-react-redux\\todo-app-react-redux\\src\\components\\todos\\TodoPlaceholder.tsx": {"path":"C:\\Users\\jorda\\Documents\\Code\\Projects\\ROOTs\\Module 5\\todo-app-react-redux\\todo-app-react-redux\\src\\components\\todos\\TodoPlaceholder.tsx","statementMap":{"0":{"start":{"line":3,"column":24},"end":{"line":28,"column":1}},"1":{"start":{"line":8,"column":2},"end":{"line":27,"column":4}}},"fnMap":{"0":{"name":"(anonymous_0)","decl":{"start":{"line":3,"column":24},"end":{"line":3,"column":25}},"loc":{"start":{"line":7,"column":20},"end":{"line":28,"column":1}},"line":7}},"branchMap":{},"s":{"0":1,"1":110},"f":{"0":110},"b":{},"_coverageSchema":"1a1c01bbd47fc00a2c39e90264f33305004495a9","hash":"b8447de2ccb8a9ef87670aa50d13fe5264b75c13"}
,"C:\\Users\\jorda\\Documents\\Code\\Projects\\ROOTs\\Module 5\\todo-app-react-redux\\todo-app-react-redux\\src\\features\\auth\\authSlice.ts": {"path":"C:\\Users\\jorda\\Documents\\Code\\Projects\\ROOTs\\Module 5\\todo-app-react-redux\\todo-app-react-redux\\src\\features\\auth\\authSlice.ts","statementMap":{"0":{"start":{"line":18,"column":36},"end":{"line":24,"column":1}},"1":{"start":{"line":26,"column":25},"end":{"line":69,"column":2}},"2":{"start":{"line":32,"column":8},"end":{"line":32,"column":32}},"3":{"start":{"line":33,"column":8},"end":{"line":33,"column":43}},"4":{"start":{"line":44,"column":8},"end":{"line":50,"column":10}},"5":{"start":{"line":54,"column":6},"end":{"line":54,"column":31}},"6":{"start":{"line":55,"column":6},"end":{"line":55,"column":31}},"7":{"start":{"line":58,"column":6},"end":{"line":58,"column":32}},"8":{"start":{"line":59,"column":6},"end":{"line":59,"column":34}},"9":{"start":{"line":62,"column":6},"end":{"line":62,"column":33}},"10":{"start":{"line":63,"column":6},"end":{"line":63,"column":33}},"11":{"start":{"line":66,"column":6},"end":{"line":66,"column":37}},"12":{"start":{"line":73,"column":46},"end":{"line":73,"column":67}},"13":{"start":{"line":73,"column":57},"end":{"line":73,"column":67}},"14":{"start":{"line":76,"column":2},"end":{"line":76,"column":19}}},"fnMap":{"0":{"name":"(anonymous_0)","decl":{"start":{"line":31,"column":6},"end":{"line":31,"column":7}},"loc":{"start":{"line":31,"column":61},"end":{"line":34,"column":7}},"line":31},"1":{"name":"(anonymous_1)","decl":{"start":{"line":35,"column":6},"end":{"line":35,"column":7}},"loc":{"start":{"line":43,"column":9},"end":{"line":51,"column":7}},"line":43},"2":{"name":"(anonymous_2)","decl":{"start":{"line":53,"column":13},"end":{"line":53,"column":14}},"loc":{"start":{"line":53,"column":24},"end":{"line":56,"column":5}},"line":53},"3":{"name":"(anonymous_3)","decl":{"start":{"line":57,"column":15},"end":{"line":57,"column":16}},"loc":{"start":{"line":57,"column":26},"end":{"line":60,"column":5}},"line":57},"4":{"name":"(anonymous_4)","decl":{"start":{"line":61,"column":16},"end":{"line":61,"column":17}},"loc":{"start":{"line":61,"column":27},"end":{"line":64,"column":5}},"line":61},"5":{"name":"(anonymous_5)","decl":{"start":{"line":65,"column":16},"end":{"line":65,"column":17}},"loc":{"start":{"line":65,"column":59},"end":{"line":67,"column":5}},"line":65},"6":{"name":"(anonymous_6)","decl":{"start":{"line":73,"column":46},"end":{"line":73,"column":47}},"loc":{"start":{"line":73,"column":57},"end":{"line":73,"column":67}},"line":73}},"branchMap":{},"s":{"0":1,"1":1,"2":22,"3":22,"4":22,"5":1,"6":1,"7":13,"8":13,"9":1,"10":1,"11":22,"12":1,"13":2603,"14":1},"f":{"0":22,"1":22,"2":1,"3":13,"4":1,"5":22,"6":2603},"b":{},"_coverageSchema":"1a1c01bbd47fc00a2c39e90264f33305004495a9","hash":"7bdb68555685d1f5cf84a79d5d09caf2484d1815"}
,"C:\\Users\\jorda\\Documents\\Code\\Projects\\ROOTs\\Module 5\\todo-app-react-redux\\todo-app-react-redux\\src\\features\\classes\\classesSlice.ts": {"path":"C:\\Users\\jorda\\Documents\\Code\\Projects\\ROOTs\\Module 5\\todo-app-react-redux\\todo-app-react-redux\\src\\features\\classes\\classesSlice.ts","statementMap":{"0":{"start":{"line":35,"column":39},"end":{"line":49,"column":1}},"1":{"start":{"line":51,"column":28},"end":{"line":107,"column":2}},"2":{"start":{"line":56,"column":6},"end":{"line":62,"column":8}},"3":{"start":{"line":65,"column":6},"end":{"line":65,"column":34}},"4":{"start":{"line":68,"column":6},"end":{"line":68,"column":34}},"5":{"start":{"line":71,"column":6},"end":{"line":71,"column":44}},"6":{"start":{"line":74,"column":6},"end":{"line":74,"column":43}},"7":{"start":{"line":78,"column":8},"end":{"line":78,"column":48}},"8":{"start":{"line":83,"column":8},"end":{"line":88,"column":10}},"9":{"start":{"line":92,"column":6},"end":{"line":92,"column":42}},"10":{"start":{"line":95,"column":6},"end":{"line":95,"column":43}},"11":{"start":{"line":98,"column":6},"end":{"line":98,"column":41}},"12":{"start":{"line":101,"column":6},"end":{"line":101,"column":39}},"13":{"start":{"line":104,"column":6},"end":{"line":104,"column":40}},"14":{"start":{"line":111,"column":48},"end":{"line":111,"column":72}},"15":{"start":{"line":111,"column":59},"end":{"line":111,"column":72}},"16":{"start":{"line":125,"column":4},"end":{"line":125,"column":24}}},"fnMap":{"0":{"name":"(anonymous_0)","decl":{"start":{"line":55,"column":23},"end":{"line":55,"column":24}},"loc":{"start":{"line":55,"column":34},"end":{"line":63,"column":5}},"line":55},"1":{"name":"(anonymous_1)","decl":{"start":{"line":64,"column":26},"end":{"line":64,"column":27}},"loc":{"start":{"line":64,"column":37},"end":{"line":66,"column":5}},"line":64},"2":{"name":"(anonymous_2)","decl":{"start":{"line":67,"column":18},"end":{"line":67,"column":19}},"loc":{"start":{"line":67,"column":60},"end":{"line":69,"column":5}},"line":67},"3":{"name":"(anonymous_3)","decl":{"start":{"line":70,"column":23},"end":{"line":70,"column":24}},"loc":{"start":{"line":70,"column":65},"end":{"line":72,"column":5}},"line":70},"4":{"name":"(anonymous_4)","decl":{"start":{"line":73,"column":22},"end":{"line":73,"column":23}},"loc":{"start":{"line":73,"column":64},"end":{"line":75,"column":5}},"line":73},"5":{"name":"(anonymous_5)","decl":{"start":{"line":77,"column":6},"end":{"line":77,"column":7}},"loc":{"start":{"line":77,"column":66},"end":{"line":79,"column":7}},"line":77},"6":{"name":"(anonymous_6)","decl":{"start":{"line":80,"column":6},"end":{"line":80,"column":7}},"loc":{"start":{"line":82,"column":8},"end":{"line":89,"column":7}},"line":82},"7":{"name":"(anonymous_7)","decl":{"start":{"line":91,"column":21},"end":{"line":91,"column":22}},"loc":{"start":{"line":91,"column":63},"end":{"line":93,"column":5}},"line":91},"8":{"name":"(anonymous_8)","decl":{"start":{"line":94,"column":22},"end":{"line":94,"column":23}},"loc":{"start":{"line":94,"column":64},"end":{"line":96,"column":5}},"line":94},"9":{"name":"(anonymous_9)","decl":{"start":{"line":97,"column":20},"end":{"line":97,"column":21}},"loc":{"start":{"line":97,"column":62},"end":{"line":99,"column":5}},"line":97},"10":{"name":"(anonymous_10)","decl":{"start":{"line":100,"column":18},"end":{"line":100,"column":19}},"loc":{"start":{"line":100,"column":63},"end":{"line":102,"column":5}},"line":100},"11":{"name":"(anonymous_11)","decl":{"start":{"line":103,"column":19},"end":{"line":103,"column":20}},"loc":{"start":{"line":103,"column":64},"end":{"line":105,"column":5}},"line":103},"12":{"name":"(anonymous_12)","decl":{"start":{"line":111,"column":48},"end":{"line":111,"column":49}},"loc":{"start":{"line":111,"column":59},"end":{"line":111,"column":72}},"line":111}},"branchMap":{},"s":{"0":1,"1":1,"2":11,"3":4,"4":13,"5":24,"6":40,"7":10,"8":6,"9":13,"10":13,"11":20,"12":38,"13":19,"14":1,"15":2078,"16":1},"f":{"0":11,"1":4,"2":13,"3":24,"4":40,"5":10,"6":6,"7":13,"8":13,"9":20,"10":38,"11":19,"12":2078},"b":{},"_coverageSchema":"1a1c01bbd47fc00a2c39e90264f33305004495a9","hash":"a138c86a8a53eb4b7af634bef3bca6c3873829aa"}
,"C:\\Users\\jorda\\Documents\\Code\\Projects\\ROOTs\\Module 5\\todo-app-react-redux\\todo-app-react-redux\\src\\features\\todos\\todosSlice.ts": {"path":"C:\\Users\\jorda\\Documents\\Code\\Projects\\ROOTs\\Module 5\\todo-app-react-redux\\todo-app-react-redux\\src\\features\\todos\\todosSlice.ts","statementMap":{"0":{"start":{"line":15,"column":24},"end":{"line":22,"column":1}},"1":{"start":{"line":18,"column":19},"end":{"line":18,"column":46}},"2":{"start":{"line":19,"column":4},"end":{"line":19,"column":67}},"3":{"start":{"line":19,"column":43},"end":{"line":19,"column":65}},"4":{"start":{"line":20,"column":4},"end":{"line":20,"column":16}},"5":{"start":{"line":24,"column":27},"end":{"line":38,"column":1}},"6":{"start":{"line":27,"column":18},"end":{"line":27,"column":41}},"7":{"start":{"line":28,"column":23},"end":{"line":28,"column":64}},"8":{"start":{"line":29,"column":21},"end":{"line":29,"column":67}},"9":{"start":{"line":31,"column":4},"end":{"line":34,"column":7}},"10":{"start":{"line":36,"column":4},"end":{"line":36,"column":28}},"11":{"start":{"line":40,"column":24},"end":{"line":55,"column":1}},"12":{"start":{"line":49,"column":21},"end":{"line":51,"column":6}},"13":{"start":{"line":53,"column":4},"end":{"line":53,"column":16}},"14":{"start":{"line":57,"column":26},"end":{"line":67,"column":1}},"15":{"start":{"line":60,"column":4},"end":{"line":60,"column":41}},"16":{"start":{"line":62,"column":4},"end":{"line":65,"column":7}},"17":{"start":{"line":80,"column":37},"end":{"line":83,"column":1}},"18":{"start":{"line":91,"column":52},"end":{"line":97,"column":1}},"19":{"start":{"line":92,"column":2},"end":{"line":92,"column":64}},"20":{"start":{"line":92,"column":39},"end":{"line":92,"column":64}},"21":{"start":{"line":93,"column":2},"end":{"line":96,"column":33}},"22":{"start":{"line":94,"column":4},"end":{"line":94,"column":29}},"23":{"start":{"line":95,"column":4},"end":{"line":95,"column":11}},"24":{"start":{"line":96,"column":9},"end":{"line":96,"column":33}},"25":{"start":{"line":99,"column":19},"end":{"line":159,"column":2}},"26":{"start":{"line":104,"column":6},"end":{"line":104,"column":29}},"27":{"start":{"line":108,"column":4},"end":{"line":157,"column":8}},"28":{"start":{"line":111,"column":10},"end":{"line":111,"column":48}},"29":{"start":{"line":113,"column":10},"end":{"line":118,"column":12}},"30":{"start":{"line":117,"column":15},"end":{"line":117,"column":78}},"31":{"start":{"line":123,"column":10},"end":{"line":123,"column":50}},"32":{"start":{"line":125,"column":10},"end":{"line":133,"column":13}},"33":{"start":{"line":126,"column":29},"end":{"line":128,"column":18}},"34":{"start":{"line":129,"column":12},"end":{"line":132,"column":28}},"35":{"start":{"line":138,"column":10},"end":{"line":138,"column":48}},"36":{"start":{"line":140,"column":10},"end":{"line":144,"column":13}},"37":{"start":{"line":141,"column":12},"end":{"line":143,"column":13}},"38":{"start":{"line":142,"column":14},"end":{"line":142,"column":66}},"39":{"start":{"line":149,"column":10},"end":{"line":149,"column":50}},"40":{"start":{"line":151,"column":10},"end":{"line":155,"column":13}},"41":{"start":{"line":152,"column":12},"end":{"line":154,"column":13}},"42":{"start":{"line":153,"column":14},"end":{"line":153,"column":53}},"43":{"start":{"line":165,"column":44},"end":{"line":171,"column":1}},"44":{"start":{"line":166,"column":2},"end":{"line":169,"column":3}},"45":{"start":{"line":167,"column":22},"end":{"line":167,"column":58}},"46":{"start":{"line":168,"column":4},"end":{"line":168,"column":25}},"47":{"start":{"line":170,"column":2},"end":{"line":170,"column":29}},"48":{"start":{"line":173,"column":30},"end":{"line":173,"column":48}}},"fnMap":{"0":{"name":"(anonymous_0)","decl":{"start":{"line":17,"column":2},"end":{"line":17,"column":3}},"loc":{"start":{"line":17,"column":28},"end":{"line":21,"column":3}},"line":17},"1":{"name":"(anonymous_1)","decl":{"start":{"line":19,"column":23},"end":{"line":19,"column":24}},"loc":{"start":{"line":19,"column":43},"end":{"line":19,"column":65}},"line":19},"2":{"name":"(anonymous_2)","decl":{"start":{"line":26,"column":2},"end":{"line":26,"column":3}},"loc":{"start":{"line":26,"column":69},"end":{"line":37,"column":3}},"line":26},"3":{"name":"(anonymous_3)","decl":{"start":{"line":42,"column":2},"end":{"line":42,"column":3}},"loc":{"start":{"line":48,"column":27},"end":{"line":54,"column":3}},"line":48},"4":{"name":"(anonymous_4)","decl":{"start":{"line":59,"column":2},"end":{"line":59,"column":3}},"loc":{"start":{"line":59,"column":38},"end":{"line":66,"column":3}},"line":59},"5":{"name":"(anonymous_5)","decl":{"start":{"line":91,"column":52},"end":{"line":91,"column":53}},"loc":{"start":{"line":91,"column":77},"end":{"line":97,"column":1}},"line":91},"6":{"name":"(anonymous_6)","decl":{"start":{"line":103,"column":16},"end":{"line":103,"column":17}},"loc":{"start":{"line":103,"column":27},"end":{"line":105,"column":5}},"line":103},"7":{"name":"(anonymous_7)","decl":{"start":{"line":107,"column":17},"end":{"line":107,"column":18}},"loc":{"start":{"line":107,"column":30},"end":{"line":158,"column":3}},"line":107},"8":{"name":"(anonymous_8)","decl":{"start":{"line":110,"column":8},"end":{"line":110,"column":9}},"loc":{"start":{"line":111,"column":10},"end":{"line":111,"column":48}},"line":111},"9":{"name":"(anonymous_9)","decl":{"start":{"line":112,"column":8},"end":{"line":112,"column":9}},"loc":{"start":{"line":112,"column":27},"end":{"line":119,"column":9}},"line":112},"10":{"name":"(anonymous_10)","decl":{"start":{"line":116,"column":12},"end":{"line":116,"column":13}},"loc":{"start":{"line":117,"column":15},"end":{"line":117,"column":78}},"line":117},"11":{"name":"(anonymous_11)","decl":{"start":{"line":122,"column":8},"end":{"line":122,"column":9}},"loc":{"start":{"line":123,"column":10},"end":{"line":123,"column":50}},"line":123},"12":{"name":"(anonymous_12)","decl":{"start":{"line":124,"column":8},"end":{"line":124,"column":9}},"loc":{"start":{"line":124,"column":27},"end":{"line":134,"column":9}},"line":124},"13":{"name":"(anonymous_13)","decl":{"start":{"line":125,"column":49},"end":{"line":125,"column":50}},"loc":{"start":{"line":125,"column":55},"end":{"line":133,"column":11}},"line":125},"14":{"name":"(anonymous_14)","decl":{"start":{"line":137,"column":8},"end":{"line":137,"column":9}},"loc":{"start":{"line":138,"column":10},"end":{"line":138,"column":48}},"line":138},"15":{"name":"(anonymous_15)","decl":{"start":{"line":139,"column":8},"end":{"line":139,"column":9}},"loc":{"start":{"line":139,"column":27},"end":{"line":145,"column":9}},"line":139},"16":{"name":"(anonymous_16)","decl":{"start":{"line":140,"column":49},"end":{"line":140,"column":50}},"loc":{"start":{"line":140,"column":55},"end":{"line":144,"column":11}},"line":140},"17":{"name":"(anonymous_17)","decl":{"start":{"line":148,"column":8},"end":{"line":148,"column":9}},"loc":{"start":{"line":149,"column":10},"end":{"line":149,"column":50}},"line":149},"18":{"name":"(anonymous_18)","decl":{"start":{"line":150,"column":8},"end":{"line":150,"column":9}},"loc":{"start":{"line":150,"column":27},"end":{"line":156,"column":9}},"line":150},"19":{"name":"(anonymous_19)","decl":{"start":{"line":151,"column":49},"end":{"line":151,"column":50}},"loc":{"start":{"line":151,"column":55},"end":{"line":155,"column":11}},"line":151},"20":{"name":"(anonymous_20)","decl":{"start":{"line":165,"column":44},"end":{"line":165,"column":45}},"loc":{"start":{"line":165,"column":55},"end":{"line":171,"column":1}},"line":165}},"branchMap":{"0":{"loc":{"start":{"line":92,"column":2},"end":{"line":92,"column":64}},"type":"if","locations":[{"start":{"line":92,"column":2},"end":{"line":92,"column":64}},{"start":{},"end":{}}],"line":92},"1":{"loc":{"start":{"line":93,"column":2},"end":{"line":96,"column":33}},"type":"if","locations":[{"start":{"line":93,"column":2},"end":{"line":96,"column":33}},{"start":{"line":96,"column":9},"end":{"line":96,"column":33}}],"line":93},"2":{"loc":{"start":{"line":126,"column":29},"end":{"line":128,"column":18}},"type":"cond-expr","locations":[{"start":{"line":127,"column":16},"end":{"line":127,"column":46}},{"start":{"line":128,"column":16},"end":{"line":128,"column":18}}],"line":126},"3":{"loc":{"start":{"line":141,"column":12},"end":{"line":143,"column":13}},"type":"if","locations":[{"start":{"line":141,"column":12},"end":{"line":143,"column":13}},{"start":{},"end":{}}],"line":141},"4":{"loc":{"start":{"line":152,"column":12},"end":{"line":154,"column":13}},"type":"if","locations":[{"start":{"line":152,"column":12},"end":{"line":154,"column":13}},{"start":{},"end":{}}],"line":152},"5":{"loc":{"start":{"line":166,"column":2},"end":{"line":169,"column":3}},"type":"if","locations":[{"start":{"line":166,"column":2},"end":{"line":169,"column":3}},{"start":{},"end":{}}],"line":166}},"s":{"0":1,"1":31,"2":31,"3":142,"4":31,"5":1,"6":4,"7":4,"8":4,"9":4,"10":4,"11":1,"12":1,"13":1,"14":1,"15":3,"16":3,"17":1,"18":1,"19":81,"20":39,"21":81,"22":42,"23":42,"24":39,"25":1,"26":3,"27":1,"28":351,"29":62,"30":31,"31":351,"32":8,"33":4,"34":4,"35":351,"36":2,"37":1,"38":1,"39":351,"40":9,"41":6,"42":6,"43":1,"44":213,"45":193,"46":193,"47":20,"48":1},"f":{"0":31,"1":142,"2":4,"3":1,"4":3,"5":81,"6":3,"7":1,"8":351,"9":62,"10":31,"11":351,"12":8,"13":4,"14":351,"15":2,"16":1,"17":351,"18":9,"19":6,"20":213},"b":{"0":[39,42],"1":[42,39],"2":[4,0],"3":[1,0],"4":[6,0],"5":[193,20]},"_coverageSchema":"1a1c01bbd47fc00a2c39e90264f33305004495a9","hash":"981d78c8ad7e4b378bd5be55031ec1ef7a015359"}
,"C:\\Users\\jorda\\Documents\\Code\\Projects\\ROOTs\\Module 5\\todo-app-react-redux\\todo-app-react-redux\\src\\hooks\\ClassesHooks.tsx": {"path":"C:\\Users\\jorda\\Documents\\Code\\Projects\\ROOTs\\Module 5\\todo-app-react-redux\\todo-app-react-redux\\src\\hooks\\ClassesHooks.tsx","statementMap":{"0":{"start":{"line":19,"column":40},"end":{"line":46,"column":1}},"1":{"start":{"line":20,"column":19},"end":{"line":20,"column":32}},"2":{"start":{"line":22,"column":29},"end":{"line":33,"column":3}},"3":{"start":{"line":25,"column":4},"end":{"line":25,"column":34}},"4":{"start":{"line":26,"column":4},"end":{"line":26,"column":45}},"5":{"start":{"line":28,"column":13},"end":{"line":30,"column":12}},"6":{"start":{"line":29,"column":6},"end":{"line":29,"column":39}},"7":{"start":{"line":32,"column":4},"end":{"line":32,"column":14}},"8":{"start":{"line":35,"column":50},"end":{"line":43,"column":3}},"9":{"start":{"line":37,"column":6},"end":{"line":37,"column":69}},"10":{"start":{"line":39,"column":6},"end":{"line":39,"column":71}},"11":{"start":{"line":41,"column":4},"end":{"line":41,"column":44}},"12":{"start":{"line":42,"column":4},"end":{"line":42,"column":46}},"13":{"start":{"line":45,"column":2},"end":{"line":45,"column":54}}},"fnMap":{"0":{"name":"(anonymous_0)","decl":{"start":{"line":19,"column":40},"end":{"line":19,"column":41}},"loc":{"start":{"line":19,"column":46},"end":{"line":46,"column":1}},"line":19},"1":{"name":"(anonymous_1)","decl":{"start":{"line":22,"column":29},"end":{"line":22,"column":30}},"loc":{"start":{"line":22,"column":35},"end":{"line":33,"column":3}},"line":22},"2":{"name":"(anonymous_2)","decl":{"start":{"line":28,"column":24},"end":{"line":28,"column":25}},"loc":{"start":{"line":28,"column":30},"end":{"line":30,"column":5}},"line":28},"3":{"name":"(anonymous_3)","decl":{"start":{"line":35,"column":50},"end":{"line":35,"column":51}},"loc":{"start":{"line":35,"column":62},"end":{"line":43,"column":3}},"line":35}},"branchMap":{"0":{"loc":{"start":{"line":37,"column":6},"end":{"line":37,"column":69}},"type":"cond-expr","locations":[{"start":{"line":37,"column":31},"end":{"line":37,"column":49}},{"start":{"line":37,"column":52},"end":{"line":37,"column":69}}],"line":37},"1":{"loc":{"start":{"line":39,"column":6},"end":{"line":39,"column":71}},"type":"cond-expr","locations":[{"start":{"line":39,"column":31},"end":{"line":39,"column":49}},{"start":{"line":39,"column":52},"end":{"line":39,"column":71}}],"line":39}},"s":{"0":1,"1":249,"2":249,"3":11,"4":11,"5":11,"6":4,"7":11,"8":249,"9":13,"10":13,"11":13,"12":13,"13":249},"f":{"0":249,"1":11,"2":4,"3":13},"b":{"0":[11,2],"1":[11,2]},"_coverageSchema":"1a1c01bbd47fc00a2c39e90264f33305004495a9","hash":"1791355fc1de510d6936a50237ec8687a8daa61b"}
,"C:\\Users\\jorda\\Documents\\Code\\Projects\\ROOTs\\Module 5\\todo-app-react-redux\\todo-app-react-redux\\src\\hooks\\LoginAndAuthHook.tsx": {"path":"C:\\Users\\jorda\\Documents\\Code\\Projects\\ROOTs\\Module 5\\todo-app-react-redux\\todo-app-react-redux\\src\\hooks\\LoginAndAuthHook.tsx","statementMap":{"0":{"start":{"line":50,"column":51},"end":{"line":110,"column":1}},"1":{"start":{"line":53,"column":42},"end":{"line":53,"column":67}},"2":{"start":{"line":54,"column":35},"end":{"line":54,"column":51}},"3":{"start":{"line":55,"column":19},"end":{"line":55,"column":32}},"4":{"start":{"line":57,"column":2},"end":{"line":71,"column":36}},"5":{"start":{"line":60,"column":4},"end":{"line":64,"column":5}},"6":{"start":{"line":61,"column":6},"end":{"line":61,"column":54}},"7":{"start":{"line":62,"column":6},"end":{"line":62,"column":46}},"8":{"start":{"line":63,"column":6},"end":{"line":63,"column":48}},"9":{"start":{"line":66,"column":4},"end":{"line":70,"column":5}},"10":{"start":{"line":67,"column":6},"end":{"line":67,"column":55}},"11":{"start":{"line":68,"column":6},"end":{"line":68,"column":46}},"12":{"start":{"line":69,"column":6},"end":{"line":69,"column":49}},"13":{"start":{"line":75,"column":46},"end":{"line":94,"column":3}},"14":{"start":{"line":78,"column":23},"end":{"line":80,"column":5}},"15":{"start":{"line":83,"column":6},"end":{"line":83,"column":73}},"16":{"start":{"line":85,"column":4},"end":{"line":91,"column":5}},"17":{"start":{"line":86,"column":6},"end":{"line":86,"column":35}},"18":{"start":{"line":88,"column":6},"end":{"line":90,"column":14}},"19":{"start":{"line":89,"column":8},"end":{"line":89,"column":74}},"20":{"start":{"line":93,"column":4},"end":{"line":93,"column":32}},"21":{"start":{"line":96,"column":57},"end":{"line":102,"column":3}},"22":{"start":{"line":97,"column":42},"end":{"line":99,"column":5}},"23":{"start":{"line":100,"column":4},"end":{"line":100,"column":68}},"24":{"start":{"line":101,"column":4},"end":{"line":101,"column":26}},"25":{"start":{"line":104,"column":43},"end":{"line":107,"column":3}},"26":{"start":{"line":105,"column":4},"end":{"line":105,"column":43}},"27":{"start":{"line":106,"column":4},"end":{"line":106,"column":27}},"28":{"start":{"line":109,"column":2},"end":{"line":109,"column":64}}},"fnMap":{"0":{"name":"(anonymous_0)","decl":{"start":{"line":50,"column":51},"end":{"line":50,"column":52}},"loc":{"start":{"line":50,"column":57},"end":{"line":110,"column":1}},"line":50},"1":{"name":"(anonymous_1)","decl":{"start":{"line":57,"column":12},"end":{"line":57,"column":13}},"loc":{"start":{"line":57,"column":18},"end":{"line":71,"column":3}},"line":57},"2":{"name":"(anonymous_2)","decl":{"start":{"line":75,"column":46},"end":{"line":75,"column":47}},"loc":{"start":{"line":75,"column":58},"end":{"line":94,"column":3}},"line":75},"3":{"name":"(anonymous_3)","decl":{"start":{"line":88,"column":22},"end":{"line":88,"column":23}},"loc":{"start":{"line":88,"column":28},"end":{"line":90,"column":7}},"line":88},"4":{"name":"(anonymous_4)","decl":{"start":{"line":96,"column":57},"end":{"line":96,"column":58}},"loc":{"start":{"line":96,"column":71},"end":{"line":102,"column":3}},"line":96},"5":{"name":"(anonymous_5)","decl":{"start":{"line":104,"column":43},"end":{"line":104,"column":44}},"loc":{"start":{"line":104,"column":49},"end":{"line":107,"column":3}},"line":104}},"branchMap":{"0":{"loc":{"start":{"line":60,"column":4},"end":{"line":64,"column":5}},"type":"if","locations":[{"start":{"line":60,"column":4},"end":{"line":64,"column":5}},{"start":{},"end":{}}],"line":60},"1":{"loc":{"start":{"line":66,"column":4},"end":{"line":70,"column":5}},"type":"if","locations":[{"start":{"line":66,"column":4},"end":{"line":70,"column":5}},{"start":{},"end":{}}],"line":66},"2":{"loc":{"start":{"line":83,"column":6},"end":{"line":83,"column":73}},"type":"cond-expr","locations":[{"start":{"line":83,"column":31},"end":{"line":83,"column":57}},{"start":{"line":83,"column":60},"end":{"line":83,"column":73}}],"line":83},"3":{"loc":{"start":{"line":83,"column":31},"end":{"line":83,"column":57}},"type":"binary-expr","locations":[{"start":{"line":83,"column":31},"end":{"line":83,"column":43}},{"start":{"line":83,"column":47},"end":{"line":83,"column":57}}],"line":83},"4":{"loc":{"start":{"line":85,"column":4},"end":{"line":91,"column":5}},"type":"if","locations":[{"start":{"line":85,"column":4},"end":{"line":91,"column":5}},{"start":{},"end":{}}],"line":85},"5":{"loc":{"start":{"line":89,"column":17},"end":{"line":89,"column":72}},"type":"cond-expr","locations":[{"start":{"line":89,"column":42},"end":{"line":89,"column":60}},{"start":{"line":89,"column":63},"end":{"line":89,"column":72}}],"line":89}},"s":{"0":1,"1":119,"2":119,"3":119,"4":119,"5":14,"6":11,"7":11,"8":11,"9":14,"10":2,"11":2,"12":2,"13":119,"14":27,"15":27,"16":27,"17":13,"18":13,"19":10,"20":27,"21":119,"22":0,"23":0,"24":0,"25":119,"26":1,"27":1,"28":119},"f":{"0":119,"1":14,"2":27,"3":10,"4":0,"5":1},"b":{"0":[11,3],"1":[2,12],"2":[14,13],"3":[14,11],"4":[13,14],"5":[9,1]},"_coverageSchema":"1a1c01bbd47fc00a2c39e90264f33305004495a9","hash":"e896ddf6c350f24aa9d92562ad52fb6b30aceade"}
,"C:\\Users\\jorda\\Documents\\Code\\Projects\\ROOTs\\Module 5\\todo-app-react-redux\\todo-app-react-redux\\src\\hooks\\TodoHook.tsx": {"path":"C:\\Users\\jorda\\Documents\\Code\\Projects\\ROOTs\\Module 5\\todo-app-react-redux\\todo-app-react-redux\\src\\hooks\\TodoHook.tsx","statementMap":{"0":{"start":{"line":25,"column":28},"end":{"line":138,"column":1}},"1":{"start":{"line":26,"column":31},"end":{"line":26,"column":57}},"2":{"start":{"line":27,"column":36},"end":{"line":27,"column":60}},"3":{"start":{"line":28,"column":38},"end":{"line":28,"column":62}},"4":{"start":{"line":29,"column":36},"end":{"line":29,"column":60}},"5":{"start":{"line":30,"column":38},"end":{"line":30,"column":62}},"6":{"start":{"line":31,"column":32},"end":{"line":31,"column":58}},"7":{"start":{"line":32,"column":30},"end":{"line":32,"column":59}},"8":{"start":{"line":33,"column":32},"end":{"line":33,"column":62}},"9":{"start":{"line":34,"column":19},"end":{"line":34,"column":32}},"10":{"start":{"line":35,"column":24},"end":{"line":35,"column":48}},"11":{"start":{"line":37,"column":2},"end":{"line":40,"column":18}},"12":{"start":{"line":39,"column":4},"end":{"line":39,"column":47}},"13":{"start":{"line":39,"column":19},"end":{"line":39,"column":47}},"14":{"start":{"line":42,"column":2},"end":{"line":50,"column":33}},"15":{"start":{"line":46,"column":4},"end":{"line":49,"column":5}},"16":{"start":{"line":47,"column":6},"end":{"line":47,"column":24}},"17":{"start":{"line":48,"column":6},"end":{"line":48,"column":80}},"18":{"start":{"line":54,"column":53},"end":{"line":86,"column":3}},"19":{"start":{"line":55,"column":38},"end":{"line":55,"column":39}},"20":{"start":{"line":57,"column":4},"end":{"line":62,"column":5}},"21":{"start":{"line":58,"column":6},"end":{"line":61,"column":8}},"22":{"start":{"line":59,"column":14},"end":{"line":59,"column":65}},"23":{"start":{"line":64,"column":4},"end":{"line":69,"column":5}},"24":{"start":{"line":65,"column":6},"end":{"line":68,"column":8}},"25":{"start":{"line":66,"column":14},"end":{"line":66,"column":62}},"26":{"start":{"line":71,"column":4},"end":{"line":76,"column":5}},"27":{"start":{"line":72,"column":6},"end":{"line":75,"column":8}},"28":{"start":{"line":73,"column":14},"end":{"line":73,"column":66}},"29":{"start":{"line":78,"column":4},"end":{"line":83,"column":5}},"30":{"start":{"line":79,"column":6},"end":{"line":82,"column":8}},"31":{"start":{"line":80,"column":14},"end":{"line":80,"column":63}},"32":{"start":{"line":85,"column":4},"end":{"line":85,"column":14}},"33":{"start":{"line":88,"column":53},"end":{"line":96,"column":3}},"34":{"start":{"line":91,"column":4},"end":{"line":95,"column":5}},"35":{"start":{"line":92,"column":6},"end":{"line":92,"column":51}},"36":{"start":{"line":93,"column":6},"end":{"line":93,"column":25}},"37":{"start":{"line":94,"column":6},"end":{"line":94,"column":49}},"38":{"start":{"line":94,"column":23},"end":{"line":94,"column":42}},"39":{"start":{"line":98,"column":54},"end":{"line":106,"column":3}},"40":{"start":{"line":101,"column":4},"end":{"line":105,"column":5}},"41":{"start":{"line":102,"column":6},"end":{"line":102,"column":51}},"42":{"start":{"line":103,"column":6},"end":{"line":103,"column":26}},"43":{"start":{"line":104,"column":6},"end":{"line":104,"column":50}},"44":{"start":{"line":104,"column":23},"end":{"line":104,"column":43}},"45":{"start":{"line":108,"column":33},"end":{"line":110,"column":10}},"46":{"start":{"line":112,"column":25},"end":{"line":117,"column":3}},"47":{"start":{"line":119,"column":26},"end":{"line":124,"column":3}},"48":{"start":{"line":126,"column":2},"end":{"line":137,"column":4}}},"fnMap":{"0":{"name":"(anonymous_0)","decl":{"start":{"line":25,"column":28},"end":{"line":25,"column":29}},"loc":{"start":{"line":25,"column":34},"end":{"line":138,"column":1}},"line":25},"1":{"name":"(anonymous_1)","decl":{"start":{"line":37,"column":12},"end":{"line":37,"column":13}},"loc":{"start":{"line":37,"column":18},"end":{"line":40,"column":3}},"line":37},"2":{"name":"(anonymous_2)","decl":{"start":{"line":42,"column":12},"end":{"line":42,"column":13}},"loc":{"start":{"line":42,"column":18},"end":{"line":50,"column":3}},"line":42},"3":{"name":"(anonymous_3)","decl":{"start":{"line":54,"column":53},"end":{"line":54,"column":54}},"loc":{"start":{"line":54,"column":59},"end":{"line":86,"column":3}},"line":54},"4":{"name":"(anonymous_4)","decl":{"start":{"line":59,"column":8},"end":{"line":59,"column":9}},"loc":{"start":{"line":59,"column":14},"end":{"line":59,"column":65}},"line":59},"5":{"name":"(anonymous_5)","decl":{"start":{"line":66,"column":8},"end":{"line":66,"column":9}},"loc":{"start":{"line":66,"column":14},"end":{"line":66,"column":62}},"line":66},"6":{"name":"(anonymous_6)","decl":{"start":{"line":73,"column":8},"end":{"line":73,"column":9}},"loc":{"start":{"line":73,"column":14},"end":{"line":73,"column":66}},"line":73},"7":{"name":"(anonymous_7)","decl":{"start":{"line":80,"column":8},"end":{"line":80,"column":9}},"loc":{"start":{"line":80,"column":14},"end":{"line":80,"column":63}},"line":80},"8":{"name":"(anonymous_8)","decl":{"start":{"line":88,"column":53},"end":{"line":88,"column":54}},"loc":{"start":{"line":88,"column":59},"end":{"line":96,"column":3}},"line":88},"9":{"name":"(anonymous_9)","decl":{"start":{"line":94,"column":17},"end":{"line":94,"column":18}},"loc":{"start":{"line":94,"column":23},"end":{"line":94,"column":42}},"line":94},"10":{"name":"(anonymous_10)","decl":{"start":{"line":98,"column":54},"end":{"line":98,"column":55}},"loc":{"start":{"line":98,"column":60},"end":{"line":106,"column":3}},"line":98},"11":{"name":"(anonymous_11)","decl":{"start":{"line":104,"column":17},"end":{"line":104,"column":18}},"loc":{"start":{"line":104,"column":23},"end":{"line":104,"column":43}},"line":104}},"branchMap":{"0":{"loc":{"start":{"line":39,"column":4},"end":{"line":39,"column":47}},"type":"if","locations":[{"start":{"line":39,"column":4},"end":{"line":39,"column":47}},{"start":{},"end":{}}],"line":39},"1":{"loc":{"start":{"line":46,"column":4},"end":{"line":49,"column":5}},"type":"if","locations":[{"start":{"line":46,"column":4},"end":{"line":49,"column":5}},{"start":{},"end":{}}],"line":46},"2":{"loc":{"start":{"line":46,"column":8},"end":{"line":46,"column":45}},"type":"binary-expr","locations":[{"start":{"line":46,"column":8},"end":{"line":46,"column":14}},{"start":{"line":46,"column":18},"end":{"line":46,"column":34}},{"start":{"line":46,"column":38},"end":{"line":46,"column":45}}],"line":46},"3":{"loc":{"start":{"line":48,"column":17},"end":{"line":48,"column":78}},"type":"cond-expr","locations":[{"start":{"line":48,"column":36},"end":{"line":48,"column":68}},{"start":{"line":48,"column":71},"end":{"line":48,"column":78}}],"line":48},"4":{"loc":{"start":{"line":57,"column":4},"end":{"line":62,"column":5}},"type":"if","locations":[{"start":{"line":57,"column":4},"end":{"line":62,"column":5}},{"start":{},"end":{}}],"line":57},"5":{"loc":{"start":{"line":57,"column":8},"end":{"line":57,"column":44}},"type":"binary-expr","locations":[{"start":{"line":57,"column":8},"end":{"line":57,"column":24}},{"start":{"line":57,"column":28},"end":{"line":57,"column":44}}],"line":57},"6":{"loc":{"start":{"line":64,"column":4},"end":{"line":69,"column":5}},"type":"if","locations":[{"start":{"line":64,"column":4},"end":{"line":69,"column":5}},{"start":{},"end":{}}],"line":64},"7":{"loc":{"start":{"line":64,"column":8},"end":{"line":64,"column":44}},"type":"binary-expr","locations":[{"start":{"line":64,"column":8},"end":{"line":64,"column":24}},{"start":{"line":64,"column":28},"end":{"line":64,"column":44}}],"line":64},"8":{"loc":{"start":{"line":71,"column":4},"end":{"line":76,"column":5}},"type":"if","locations":[{"start":{"line":71,"column":4},"end":{"line":76,"column":5}},{"start":{},"end":{}}],"line":71},"9":{"loc":{"start":{"line":71,"column":8},"end":{"line":71,"column":38}},"type":"binary-expr","locations":[{"start":{"line":71,"column":8},"end":{"line":71,"column":14}},{"start":{"line":71,"column":18},"end":{"line":71,"column":38}}],"line":71},"10":{"loc":{"start":{"line":78,"column":4},"end":{"line":83,"column":5}},"type":"if","locations":[{"start":{"line":78,"column":4},"end":{"line":83,"column":5}},{"start":{},"end":{}}],"line":78},"11":{"loc":{"start":{"line":78,"column":8},"end":{"line":78,"column":37}},"type":"binary-expr","locations":[{"start":{"line":78,"column":8},"end":{"line":78,"column":14}},{"start":{"line":78,"column":18},"end":{"line":78,"column":37}}],"line":78},"12":{"loc":{"start":{"line":91,"column":4},"end":{"line":95,"column":5}},"type":"if","locations":[{"start":{"line":91,"column":4},"end":{"line":95,"column":5}},{"start":{},"end":{}}],"line":91},"13":{"loc":{"start":{"line":101,"column":4},"end":{"line":105,"column":5}},"type":"if","locations":[{"start":{"line":101,"column":4},"end":{"line":105,"column":5}},{"start":{},"end":{}}],"line":101},"14":{"loc":{"start":{"line":101,"column":8},"end":{"line":101,"column":37}},"type":"binary-expr","locations":[{"start":{"line":101,"column":8},"end":{"line":101,"column":14}},{"start":{"line":101,"column":18},"end":{"line":101,"column":37}}],"line":101},"15":{"loc":{"start":{"line":108,"column":33},"end":{"line":110,"column":10}},"type":"cond-expr","locations":[{"start":{"line":109,"column":6},"end":{"line":109,"column":45}},{"start":{"line":110,"column":6},"end":{"line":110,"column":10}}],"line":108}},"s":{"0":1,"1":283,"2":283,"3":283,"4":283,"5":283,"6":283,"7":283,"8":283,"9":283,"10":283,"11":283,"12":170,"13":167,"14":283,"15":41,"16":1,"17":1,"18":283,"19":63,"20":63,"21":58,"22":35,"23":63,"24":5,"25":3,"26":63,"27":37,"28":18,"29":63,"30":4,"31":1,"32":63,"33":283,"34":1,"35":1,"36":1,"37":1,"38":1,"39":283,"40":3,"41":2,"42":2,"43":2,"44":2,"45":283,"46":283,"47":283,"48":283},"f":{"0":283,"1":170,"2":41,"3":63,"4":35,"5":3,"6":18,"7":1,"8":1,"9":1,"10":3,"11":2},"b":{"0":[167,3],"1":[1,40],"2":[41,28,6],"3":[1,0],"4":[58,5],"5":[63,58],"6":[5,58],"7":[63,5],"8":[37,26],"9":[63,41],"10":[4,59],"11":[63,41],"12":[1,0],"13":[2,1],"14":[3,3],"15":[273,10]},"_coverageSchema":"1a1c01bbd47fc00a2c39e90264f33305004495a9","hash":"dfb8d8cd881e7034978981ef18b389b8dac2af4d"}
,"C:\\Users\\jorda\\Documents\\Code\\Projects\\ROOTs\\Module 5\\todo-app-react-redux\\todo-app-react-redux\\src\\mocks\\api.ts": {"path":"C:\\Users\\jorda\\Documents\\Code\\Projects\\ROOTs\\Module 5\\todo-app-react-redux\\todo-app-react-redux\\src\\mocks\\api.ts","statementMap":{"0":{"start":{"line":3,"column":56},"end":{"line":24,"column":1}},"1":{"start":{"line":26,"column":49},"end":{"line":57,"column":1}}},"fnMap":{},"branchMap":{},"s":{"0":1,"1":1},"f":{},"b":{},"_coverageSchema":"1a1c01bbd47fc00a2c39e90264f33305004495a9","hash":"24eec7fd89835085974fd44a525cadb77255167d"}
,"C:\\Users\\jorda\\Documents\\Code\\Projects\\ROOTs\\Module 5\\todo-app-react-redux\\todo-app-react-redux\\src\\mocks\\handlers.ts": {"path":"C:\\Users\\jorda\\Documents\\Code\\Projects\\ROOTs\\Module 5\\todo-app-react-redux\\todo-app-react-redux\\src\\mocks\\handlers.ts","statementMap":{"0":{"start":{"line":7,"column":33},"end":{"line":38,"column":1}},"1":{"start":{"line":10,"column":2},"end":{"line":35,"column":3}},"2":{"start":{"line":11,"column":4},"end":{"line":16,"column":6}},"3":{"start":{"line":14,"column":33},"end":{"line":14,"column":75}},"4":{"start":{"line":17,"column":9},"end":{"line":35,"column":3}},"5":{"start":{"line":18,"column":4},"end":{"line":27,"column":6}},"6":{"start":{"line":21,"column":33},"end":{"line":21,"column":75}},"7":{"start":{"line":25,"column":33},"end":{"line":25,"column":75}},"8":{"start":{"line":29,"column":4},"end":{"line":34,"column":6}},"9":{"start":{"line":32,"column":33},"end":{"line":32,"column":59}},"10":{"start":{"line":37,"column":2},"end":{"line":37,"column":33}}},"fnMap":{"0":{"name":"(anonymous_0)","decl":{"start":{"line":7,"column":33},"end":{"line":7,"column":34}},"loc":{"start":{"line":7,"column":59},"end":{"line":38,"column":1}},"line":7},"1":{"name":"(anonymous_1)","decl":{"start":{"line":14,"column":8},"end":{"line":14,"column":9}},"loc":{"start":{"line":14,"column":33},"end":{"line":14,"column":75}},"line":14},"2":{"name":"(anonymous_2)","decl":{"start":{"line":21,"column":8},"end":{"line":21,"column":9}},"loc":{"start":{"line":21,"column":33},"end":{"line":21,"column":75}},"line":21},"3":{"name":"(anonymous_3)","decl":{"start":{"line":25,"column":8},"end":{"line":25,"column":9}},"loc":{"start":{"line":25,"column":33},"end":{"line":25,"column":75}},"line":25},"4":{"name":"(anonymous_4)","decl":{"start":{"line":32,"column":8},"end":{"line":32,"column":9}},"loc":{"start":{"line":32,"column":33},"end":{"line":32,"column":59}},"line":32}},"branchMap":{"0":{"loc":{"start":{"line":10,"column":2},"end":{"line":35,"column":3}},"type":"if","locations":[{"start":{"line":10,"column":2},"end":{"line":35,"column":3}},{"start":{"line":17,"column":9},"end":{"line":35,"column":3}}],"line":10},"1":{"loc":{"start":{"line":10,"column":6},"end":{"line":10,"column":35}},"type":"binary-expr","locations":[{"start":{"line":10,"column":6},"end":{"line":10,"column":10}},{"start":{"line":10,"column":14},"end":{"line":10,"column":35}}],"line":10},"2":{"loc":{"start":{"line":17,"column":9},"end":{"line":35,"column":3}},"type":"if","locations":[{"start":{"line":17,"column":9},"end":{"line":35,"column":3}},{"start":{"line":28,"column":9},"end":{"line":35,"column":3}}],"line":17},"3":{"loc":{"start":{"line":17,"column":13},"end":{"line":17,"column":28}},"type":"binary-expr","locations":[{"start":{"line":17,"column":13},"end":{"line":17,"column":17}},{"start":{"line":17,"column":21},"end":{"line":17,"column":28}}],"line":17}},"s":{"0":1,"1":19,"2":11,"3":31,"4":8,"5":5,"6":1,"7":4,"8":3,"9":3,"10":19},"f":{"0":19,"1":31,"2":1,"3":4,"4":3},"b":{"0":[11,8],"1":[19,16],"2":[5,3],"3":[8,5]},"_coverageSchema":"1a1c01bbd47fc00a2c39e90264f33305004495a9","hash":"5362a9cb974c98d2dc8d0171dd4769f60a0772be"}
,"C:\\Users\\jorda\\Documents\\Code\\Projects\\ROOTs\\Module 5\\todo-app-react-redux\\todo-app-react-redux\\src\\mocks\\index.tsx": {"path":"C:\\Users\\jorda\\Documents\\Code\\Projects\\ROOTs\\Module 5\\todo-app-react-redux\\todo-app-react-redux\\src\\mocks\\index.tsx","statementMap":{"0":{"start":{"line":12,"column":27},"end":{"line":12,"column":75}}},"fnMap":{},"branchMap":{},"s":{"0":1},"f":{},"b":{},"_coverageSchema":"1a1c01bbd47fc00a2c39e90264f33305004495a9","hash":"b1b3f998a713594d5e5f560f927d4c44ee3d2281"}
,"C:\\Users\\jorda\\Documents\\Code\\Projects\\ROOTs\\Module 5\\todo-app-react-redux\\todo-app-react-redux\\src\\mocks\\server.ts": {"path":"C:\\Users\\jorda\\Documents\\Code\\Projects\\ROOTs\\Module 5\\todo-app-react-redux\\todo-app-react-redux\\src\\mocks\\server.ts","statementMap":{"0":{"start":{"line":3,"column":22},"end":{"line":3,"column":35}}},"fnMap":{},"branchMap":{},"s":{"0":1},"f":{},"b":{},"_coverageSchema":"1a1c01bbd47fc00a2c39e90264f33305004495a9","hash":"b5d1bf75ab82a61786c7a9028f1860fbe2ebc8a6"}
,"C:\\Users\\jorda\\Documents\\Code\\Projects\\ROOTs\\Module 5\\todo-app-react-redux\\todo-app-react-redux\\src\\test-utils\\test-utils.tsx": {"path":"C:\\Users\\jorda\\Documents\\Code\\Projects\\ROOTs\\Module 5\\todo-app-react-redux\\todo-app-react-redux\\src\\test-utils\\test-utils.tsx","statementMap":{"0":{"start":{"line":7,"column":21},"end":{"line":17,"column":1}},"1":{"start":{"line":14,"column":25},"end":{"line":14,"column":30}},"2":{"start":{"line":16,"column":2},"end":{"line":16,"column":53}},"3":{"start":{"line":21,"column":28},"end":{"line":24,"column":45}},"4":{"start":{"line":24,"column":5},"end":{"line":24,"column":45}}},"fnMap":{"0":{"name":"(anonymous_0)","decl":{"start":{"line":7,"column":21},"end":{"line":7,"column":22}},"loc":{"start":{"line":13,"column":20},"end":{"line":17,"column":1}},"line":13},"1":{"name":"(anonymous_1)","decl":{"start":{"line":21,"column":28},"end":{"line":21,"column":29}},"loc":{"start":{"line":24,"column":5},"end":{"line":24,"column":45}},"line":24}},"branchMap":{},"s":{"0":1,"1":0,"2":0,"3":1,"4":11},"f":{"0":0,"1":11},"b":{},"_coverageSchema":"1a1c01bbd47fc00a2c39e90264f33305004495a9","hash":"6b223df80baab9ad9613581a46ad138dea259407"}
}
