TN:
SF:src\index.tsx
FNF:0
FNH:0
DA:6,0
DA:10,0
LF:2
LH:0
BRF:0
BRH:0
end_of_record
TN:
SF:src\apiAxios\todos.ts
FNF:0
FNH:0
LF:0
LH:0
BRF:0
BRH:0
end_of_record
TN:
SF:src\app\store.ts
FNF:0
FNH:0
DA:6,1
LF:1
LH:1
BRF:0
BRH:0
end_of_record
TN:
SF:src\components\App.tsx
FN:9,(anonymous_0)
FNF:1
FNH:1
FNDA:76,(anonymous_0)
DA:9,1
DA:10,76
DA:12,75
DA:14,75
LF:4
LH:4
BRDA:12,0,0,71
BRDA:12,0,1,4
BRF:2
BRH:2
end_of_record
TN:
SF:src\components\arrows\ArrowLeftArrow.tsx
FN:15,(anonymous_0)
FN:30,(anonymous_1)
FN:31,(anonymous_2)
FN:32,(anonymous_3)
FNF:4
FNH:4
FNDA:94,(anonymous_0)
FNDA:2,(anonymous_1)
FNDA:1,(anonymous_2)
FNDA:1,(anonymous_3)
DA:15,1
DA:20,94
DA:22,94
DA:28,94
DA:30,2
DA:31,1
DA:32,1
LF:7
LH:7
BRDA:25,0,0,21
BRDA:25,0,1,73
BRDA:38,1,0,3
BRDA:38,1,1,91
BRDA:38,2,0,94
BRDA:38,2,1,3
BRF:6
BRH:6
end_of_record
TN:
SF:src\components\arrows\ArrowRightArrow.tsx
FN:15,(anonymous_0)
FN:31,(anonymous_1)
FN:32,(anonymous_2)
FN:33,(anonymous_3)
FNF:4
FNH:4
FNDA:94,(anonymous_0)
FNDA:4,(anonymous_1)
FNDA:3,(anonymous_2)
FNDA:3,(anonymous_3)
DA:15,1
DA:21,94
DA:23,94
DA:29,94
DA:31,4
DA:32,3
DA:33,3
LF:7
LH:7
BRDA:26,0,0,5
BRDA:26,0,1,89
BRDA:39,1,0,4
BRDA:39,1,1,90
BRDA:39,2,0,94
BRDA:39,2,1,10
BRF:6
BRH:6
end_of_record
TN:
SF:src\components\header\GoogleAuth.tsx
FN:24,(anonymous_0)
FN:38,(anonymous_1)
FN:52,(anonymous_2)
FN:58,(anonymous_3)
FN:61,(anonymous_4)
FN:71,(anonymous_5)
FN:78,(anonymous_6)
FN:81,(anonymous_7)
FN:88,(anonymous_8)
FN:93,(anonymous_9)
FN:108,(anonymous_10)
FN:133,(anonymous_11)
FNF:12
FNH:11
FNDA:119,(anonymous_0)
FNDA:14,(anonymous_1)
FNDA:9,(anonymous_2)
FNDA:14,(anonymous_3)
FNDA:34,(anonymous_4)
FNDA:14,(anonymous_5)
FNDA:14,(anonymous_6)
FNDA:13,(anonymous_7)
FNDA:13,(anonymous_8)
FNDA:116,(anonymous_9)
FNDA:116,(anonymous_10)
FNDA:0,(anonymous_11)
DA:24,1
DA:25,119
DA:28,119
DA:31,119
DA:34,119
DA:36,119
DA:38,119
DA:41,14
DA:44,14
DA:46,14
DA:47,13
DA:48,13
DA:49,13
DA:50,13
DA:52,13
DA:53,9
DA:54,9
DA:58,14
DA:61,119
DA:64,34
DA:65,31
DA:67,3
DA:71,119
DA:76,14
DA:78,14
DA:81,119
DA:86,13
DA:88,13
DA:91,119
DA:93,119
DA:94,116
DA:108,119
DA:109,116
DA:120,119
DA:133,0
LF:35
LH:34
BRDA:46,0,0,13
BRDA:46,0,1,1
BRDA:64,1,0,31
BRDA:64,1,1,3
BRDA:64,2,0,34
BRDA:64,2,1,31
BRDA:110,3,0,116
BRDA:110,3,1,0
BRDA:123,4,0,116
BRDA:123,4,1,3
BRDA:129,5,0,116
BRDA:129,5,1,3
BRDA:143,6,0,119
BRDA:143,6,1,116
BRDA:144,7,0,119
BRDA:144,7,1,116
BRF:16
BRH:15
end_of_record
TN:
SF:src\components\header\Header.tsx
FN:8,(anonymous_0)
FN:12,(anonymous_1)
FN:15,(anonymous_2)
FNF:3
FNH:3
FNDA:130,(anonymous_0)
FNDA:11,(anonymous_1)
FNDA:11,(anonymous_2)
DA:8,1
DA:9,130
DA:10,130
DA:12,130
DA:13,11
DA:15,11
DA:18,130
LF:7
LH:7
BRF:0
BRH:0
end_of_record
TN:
SF:src\components\todos\TodoInputs.tsx
FN:9,(anonymous_0)
FN:16,(anonymous_1)
FN:24,(anonymous_2)
FN:47,(anonymous_3)
FNF:4
FNH:4
FNDA:191,(anonymous_0)
FNDA:4,(anonymous_1)
FNDA:382,(anonymous_2)
FNDA:32,(anonymous_3)
DA:9,1
DA:10,191
DA:11,191
DA:12,191
DA:14,191
DA:16,191
DA:19,4
DA:20,4
DA:21,4
DA:24,191
DA:27,382
DA:28,18
DA:30,364
DA:34,191
DA:47,32
LF:15
LH:15
BRDA:27,0,0,18
BRDA:27,0,1,364
BRDA:27,1,0,382
BRDA:27,1,1,374
BRF:4
BRH:4
end_of_record
TN:
SF:src\components\todos\TodoItem.tsx
FN:19,(anonymous_0)
FN:38,(anonymous_1)
FN:43,(anonymous_2)
FNF:3
FNH:3
FNDA:228,(anonymous_0)
FNDA:1,(anonymous_1)
FNDA:3,(anonymous_2)
DA:19,1
DA:26,228
DA:38,1
DA:43,3
LF:4
LH:4
BRDA:29,0,0,40
BRDA:29,0,1,188
BRF:2
BRH:2
end_of_record
TN:
SF:src\components\todos\TodoList.tsx
FN:30,(anonymous_0)
FN:58,(anonymous_1)
FN:70,(anonymous_2)
FN:73,(anonymous_3)
FN:82,(anonymous_4)
FN:87,(anonymous_5)
FN:91,(anonymous_6)
FN:92,(anonymous_7)
FN:97,(anonymous_8)
FN:109,(anonymous_9)
FN:121,(anonymous_10)
FN:161,(anonymous_11)
FNF:12
FNH:12
FNDA:284,(anonymous_0)
FNDA:63,(anonymous_1)
FNDA:63,(anonymous_2)
FNDA:12,(anonymous_3)
FNDA:1,(anonymous_4)
FNDA:3,(anonymous_5)
FNDA:3,(anonymous_6)
FNDA:3,(anonymous_7)
FNDA:2,(anonymous_8)
FNDA:1,(anonymous_9)
FNDA:188,(anonymous_10)
FNDA:305,(anonymous_11)
DA:30,1
DA:31,284
DA:32,283
DA:40,283
DA:52,283
DA:54,283
DA:55,283
DA:56,283
DA:58,283
DA:62,63
DA:63,36
DA:68,63
DA:70,63
DA:73,283
DA:76,12
DA:77,1
DA:78,1
DA:82,283
DA:83,1
DA:84,1
DA:87,283
DA:91,3
DA:92,3
DA:94,3
DA:95,2
DA:97,2
DA:98,2
DA:99,2
DA:100,2
DA:101,2
DA:103,1
DA:104,1
DA:105,1
DA:106,1
DA:107,1
DA:109,1
DA:110,1
DA:111,1
DA:112,1
DA:113,1
DA:120,283
DA:122,188
DA:123,3
DA:125,185
DA:126,170
DA:128,15
DA:129,4
DA:131,11
DA:138,283
DA:139,5
DA:148,278
DA:151,127
DA:162,305
DA:181,151
DA:184,6
DA:194,145
DA:197,144
DA:199,1
LF:58
LH:58
BRDA:62,0,0,36
BRDA:62,0,1,27
BRDA:62,1,0,63
BRDA:62,1,1,61
BRDA:62,1,2,38
BRDA:76,2,0,1
BRDA:76,2,1,11
BRDA:76,3,0,12
BRDA:76,3,1,1
BRDA:94,4,0,2
BRDA:94,4,1,1
BRDA:94,5,0,3
BRDA:94,5,1,3
BRDA:103,6,0,1
BRDA:103,6,1,0
BRDA:103,7,0,1
BRDA:103,7,1,1
BRDA:122,8,0,3
BRDA:122,8,1,185
BRDA:122,9,0,188
BRDA:122,9,1,13
BRDA:122,9,2,7
BRDA:125,10,0,170
BRDA:125,10,1,15
BRDA:125,11,0,185
BRDA:125,11,1,175
BRDA:128,12,0,4
BRDA:128,12,1,11
BRDA:128,13,0,15
BRDA:128,13,1,11
BRDA:138,14,0,5
BRDA:138,14,1,278
BRDA:148,15,0,127
BRDA:148,15,1,151
BRDA:148,16,0,278
BRDA:148,16,1,278
BRDA:148,16,2,263
BRDA:181,17,0,6
BRDA:181,17,1,145
BRDA:181,18,0,151
BRDA:181,18,1,151
BRDA:181,18,2,15
BRDA:194,19,0,144
BRDA:194,19,1,1
BRDA:194,20,0,145
BRDA:194,20,1,145
BRDA:194,20,2,145
BRF:47
BRH:46
end_of_record
TN:
SF:src\components\todos\TodoPlaceholder.tsx
FN:3,(anonymous_0)
FNF:1
FNH:1
FNDA:110,(anonymous_0)
DA:3,1
DA:8,110
LF:2
LH:2
BRF:0
BRH:0
end_of_record
TN:
SF:src\features\auth\authSlice.ts
FN:31,(anonymous_0)
FN:35,(anonymous_1)
FN:53,(anonymous_2)
FN:57,(anonymous_3)
FN:61,(anonymous_4)
FN:65,(anonymous_5)
FN:73,(anonymous_6)
FNF:7
FNH:7
FNDA:22,(anonymous_0)
FNDA:22,(anonymous_1)
FNDA:1,(anonymous_2)
FNDA:13,(anonymous_3)
FNDA:1,(anonymous_4)
FNDA:22,(anonymous_5)
FNDA:2603,(anonymous_6)
DA:18,1
DA:26,1
DA:32,22
DA:33,22
DA:44,22
DA:54,1
DA:55,1
DA:58,13
DA:59,13
DA:62,1
DA:63,1
DA:66,22
DA:73,2603
DA:76,1
LF:14
LH:14
BRF:0
BRH:0
end_of_record
TN:
SF:src\features\classes\classesSlice.ts
FN:55,(anonymous_0)
FN:64,(anonymous_1)
FN:67,(anonymous_2)
FN:70,(anonymous_3)
FN:73,(anonymous_4)
FN:77,(anonymous_5)
FN:80,(anonymous_6)
FN:91,(anonymous_7)
FN:94,(anonymous_8)
FN:97,(anonymous_9)
FN:100,(anonymous_10)
FN:103,(anonymous_11)
FN:111,(anonymous_12)
FNF:13
FNH:13
FNDA:11,(anonymous_0)
FNDA:4,(anonymous_1)
FNDA:13,(anonymous_2)
FNDA:24,(anonymous_3)
FNDA:40,(anonymous_4)
FNDA:10,(anonymous_5)
FNDA:6,(anonymous_6)
FNDA:13,(anonymous_7)
FNDA:13,(anonymous_8)
FNDA:20,(anonymous_9)
FNDA:38,(anonymous_10)
FNDA:19,(anonymous_11)
FNDA:2078,(anonymous_12)
DA:35,1
DA:51,1
DA:56,11
DA:65,4
DA:68,13
DA:71,24
DA:74,40
DA:78,10
DA:83,6
DA:92,13
DA:95,13
DA:98,20
DA:101,38
DA:104,19
DA:111,2078
DA:125,1
LF:16
LH:16
BRF:0
BRH:0
end_of_record
TN:
SF:src\features\todos\todosSlice.ts
FN:17,(anonymous_0)
FN:19,(anonymous_1)
FN:26,(anonymous_2)
FN:42,(anonymous_3)
FN:59,(anonymous_4)
FN:91,(anonymous_5)
FN:103,(anonymous_6)
FN:107,(anonymous_7)
FN:110,(anonymous_8)
FN:112,(anonymous_9)
FN:116,(anonymous_10)
FN:122,(anonymous_11)
FN:124,(anonymous_12)
FN:125,(anonymous_13)
FN:137,(anonymous_14)
FN:139,(anonymous_15)
FN:140,(anonymous_16)
FN:148,(anonymous_17)
FN:150,(anonymous_18)
FN:151,(anonymous_19)
FN:165,(anonymous_20)
FNF:21
FNH:21
FNDA:31,(anonymous_0)
FNDA:142,(anonymous_1)
FNDA:4,(anonymous_2)
FNDA:1,(anonymous_3)
FNDA:3,(anonymous_4)
FNDA:81,(anonymous_5)
FNDA:3,(anonymous_6)
FNDA:1,(anonymous_7)
FNDA:351,(anonymous_8)
FNDA:62,(anonymous_9)
FNDA:31,(anonymous_10)
FNDA:351,(anonymous_11)
FNDA:8,(anonymous_12)
FNDA:4,(anonymous_13)
FNDA:351,(anonymous_14)
FNDA:2,(anonymous_15)
FNDA:1,(anonymous_16)
FNDA:351,(anonymous_17)
FNDA:9,(anonymous_18)
FNDA:6,(anonymous_19)
FNDA:213,(anonymous_20)
DA:15,1
DA:18,31
DA:19,142
DA:20,31
DA:24,1
DA:27,4
DA:28,4
DA:29,4
DA:31,4
DA:36,4
DA:40,1
DA:49,1
DA:53,1
DA:57,1
DA:60,3
DA:62,3
DA:80,1
DA:91,1
DA:92,81
DA:93,81
DA:94,42
DA:95,42
DA:96,39
DA:99,1
DA:104,3
DA:108,1
DA:111,351
DA:113,62
DA:117,31
DA:123,351
DA:125,8
DA:126,4
DA:129,4
DA:138,351
DA:140,2
DA:141,1
DA:142,1
DA:149,351
DA:151,9
DA:152,6
DA:153,6
DA:165,1
DA:166,213
DA:167,193
DA:168,193
DA:170,20
DA:173,1
LF:47
LH:47
BRDA:92,0,0,39
BRDA:92,0,1,42
BRDA:93,1,0,42
BRDA:93,1,1,39
BRDA:126,2,0,4
BRDA:126,2,1,0
BRDA:141,3,0,1
BRDA:141,3,1,0
BRDA:152,4,0,6
BRDA:152,4,1,0
BRDA:166,5,0,193
BRDA:166,5,1,20
BRF:12
BRH:9
end_of_record
TN:
SF:src\hooks\ClassesHooks.tsx
FN:19,(anonymous_0)
FN:22,(anonymous_1)
FN:28,(anonymous_2)
FN:35,(anonymous_3)
FNF:4
FNH:4
FNDA:249,(anonymous_0)
FNDA:11,(anonymous_1)
FNDA:4,(anonymous_2)
FNDA:13,(anonymous_3)
DA:19,1
DA:20,249
DA:22,249
DA:25,11
DA:26,11
DA:28,11
DA:29,4
DA:32,11
DA:35,249
DA:37,13
DA:39,13
DA:41,13
DA:42,13
DA:45,249
LF:14
LH:14
BRDA:37,0,0,11
BRDA:37,0,1,2
BRDA:39,1,0,11
BRDA:39,1,1,2
BRF:4
BRH:4
end_of_record
TN:
SF:src\hooks\LoginAndAuthHook.tsx
FN:50,(anonymous_0)
FN:57,(anonymous_1)
FN:75,(anonymous_2)
FN:88,(anonymous_3)
FN:96,(anonymous_4)
FN:104,(anonymous_5)
FNF:6
FNH:5
FNDA:119,(anonymous_0)
FNDA:14,(anonymous_1)
FNDA:27,(anonymous_2)
FNDA:10,(anonymous_3)
FNDA:0,(anonymous_4)
FNDA:1,(anonymous_5)
DA:50,1
DA:53,119
DA:54,119
DA:55,119
DA:57,119
DA:60,14
DA:61,11
DA:62,11
DA:63,11
DA:66,14
DA:67,2
DA:68,2
DA:69,2
DA:75,119
DA:78,27
DA:83,27
DA:85,27
DA:86,13
DA:88,13
DA:89,10
DA:93,27
DA:96,119
DA:97,0
DA:100,0
DA:101,0
DA:104,119
DA:105,1
DA:106,1
DA:109,119
LF:29
LH:26
BRDA:60,0,0,11
BRDA:60,0,1,3
BRDA:66,1,0,2
BRDA:66,1,1,12
BRDA:83,2,0,14
BRDA:83,2,1,13
BRDA:83,3,0,14
BRDA:83,3,1,11
BRDA:85,4,0,13
BRDA:85,4,1,14
BRDA:89,5,0,9
BRDA:89,5,1,1
BRF:12
BRH:12
end_of_record
TN:
SF:src\hooks\TodoHook.tsx
FN:25,(anonymous_0)
FN:37,(anonymous_1)
FN:42,(anonymous_2)
FN:54,(anonymous_3)
FN:59,(anonymous_4)
FN:66,(anonymous_5)
FN:73,(anonymous_6)
FN:80,(anonymous_7)
FN:88,(anonymous_8)
FN:94,(anonymous_9)
FN:98,(anonymous_10)
FN:104,(anonymous_11)
FNF:12
FNH:12
FNDA:283,(anonymous_0)
FNDA:170,(anonymous_1)
FNDA:41,(anonymous_2)
FNDA:63,(anonymous_3)
FNDA:35,(anonymous_4)
FNDA:3,(anonymous_5)
FNDA:18,(anonymous_6)
FNDA:1,(anonymous_7)
FNDA:1,(anonymous_8)
FNDA:1,(anonymous_9)
FNDA:3,(anonymous_10)
FNDA:2,(anonymous_11)
DA:25,1
DA:26,283
DA:27,283
DA:28,283
DA:29,283
DA:30,283
DA:31,283
DA:32,283
DA:33,283
DA:34,283
DA:35,283
DA:37,283
DA:39,170
DA:42,283
DA:46,41
DA:47,1
DA:48,1
DA:54,283
DA:55,63
DA:57,63
DA:58,58
DA:59,35
DA:64,63
DA:65,5
DA:66,3
DA:71,63
DA:72,37
DA:73,18
DA:78,63
DA:79,4
DA:80,1
DA:85,63
DA:88,283
DA:91,1
DA:92,1
DA:93,1
DA:94,1
DA:98,283
DA:101,3
DA:102,2
DA:103,2
DA:104,2
DA:108,283
DA:112,283
DA:119,283
DA:126,283
LF:46
LH:46
BRDA:39,0,0,167
BRDA:39,0,1,3
BRDA:46,1,0,1
BRDA:46,1,1,40
BRDA:46,2,0,41
BRDA:46,2,1,28
BRDA:46,2,2,6
BRDA:48,3,0,1
BRDA:48,3,1,0
BRDA:57,4,0,58
BRDA:57,4,1,5
BRDA:57,5,0,63
BRDA:57,5,1,58
BRDA:64,6,0,5
BRDA:64,6,1,58
BRDA:64,7,0,63
BRDA:64,7,1,5
BRDA:71,8,0,37
BRDA:71,8,1,26
BRDA:71,9,0,63
BRDA:71,9,1,41
BRDA:78,10,0,4
BRDA:78,10,1,59
BRDA:78,11,0,63
BRDA:78,11,1,41
BRDA:91,12,0,1
BRDA:91,12,1,0
BRDA:101,13,0,2
BRDA:101,13,1,1
BRDA:101,14,0,3
BRDA:101,14,1,3
BRDA:108,15,0,273
BRDA:108,15,1,10
BRF:33
BRH:31
end_of_record
TN:
SF:src\mocks\api.ts
FNF:0
FNH:0
DA:3,1
DA:26,1
LF:2
LH:2
BRF:0
BRH:0
end_of_record
TN:
SF:src\mocks\handlers.ts
FN:7,(anonymous_0)
FN:14,(anonymous_1)
FN:21,(anonymous_2)
FN:25,(anonymous_3)
FN:32,(anonymous_4)
FNF:5
FNH:5
FNDA:19,(anonymous_0)
FNDA:31,(anonymous_1)
FNDA:1,(anonymous_2)
FNDA:4,(anonymous_3)
FNDA:3,(anonymous_4)
DA:7,1
DA:10,19
DA:11,11
DA:14,31
DA:17,8
DA:18,5
DA:21,1
DA:25,4
DA:29,3
DA:32,3
DA:37,19
LF:11
LH:11
BRDA:10,0,0,11
BRDA:10,0,1,8
BRDA:10,1,0,19
BRDA:10,1,1,16
BRDA:17,2,0,5
BRDA:17,2,1,3
BRDA:17,3,0,8
BRDA:17,3,1,5
BRF:8
BRH:8
end_of_record
TN:
SF:src\mocks\index.tsx
FNF:0
FNH:0
DA:12,1
LF:1
LH:1
BRF:0
BRH:0
end_of_record
TN:
SF:src\mocks\server.ts
FNF:0
FNH:0
DA:3,1
LF:1
LH:1
BRF:0
BRH:0
end_of_record
TN:
SF:src\test-utils\test-utils.tsx
FN:7,(anonymous_0)
FN:21,(anonymous_1)
FNF:2
FNH:1
FNDA:0,(anonymous_0)
FNDA:11,(anonymous_1)
DA:7,1
DA:14,0
DA:16,0
DA:21,1
DA:24,11
LF:5
LH:3
BRF:0
BRH:0
end_of_record
